TGLM-TKQZ-JPAM-202307-N-1|2023-11-29 14:17:12.778
RWDQ-NGPH-NYVD-202306-U-1|2023-11-28 11:36:21.292
LVLG-GMKZ-HKZJ-202306-L-1|2023-11-28 11:36:12.421
RWDQ-NGPH-NYVD-202306-U-1|2023-11-28 11:35:54.409
JXYE-NJYX-PMPL-202307-R-1|2023-12-20 13:03:41.406
TGLM-TKQZ-JPAM-202307-N-1|2023-12-18 14:03:30.068
RWDQ-NGPH-NYVD-202306-U-1|2023-12-20 13:03:47.878
NPEZ-PZUQ-XJMZ-202307-N-1|2023-12-01 13:33:04.453
ZTAE-YRXM-XDMW-202307-X-1|2023-12-19 16:44:56.586
TGLM-TKQZ-JPAM-202307-N-1|2023-12-01 13:32:25.576
RWEH-XKQZ-GMKN-202307-Z-1|2023-12-19 10:58:12.484
TGLM-TKQZ-JPAM-202307-N-1|2023-12-01 13:32:19.430
JXYE-NJYX-PMPL-202307-R-1|2023-12-01 13:33:32.909
JXYE-NJYX-PMPL-202307-R-1|2023-11-12 00:00:00.001
TGLM-TKQZ-JPAM-202307-N-1|2023-11-12 00:00:00.001
RWDQ-NGPH-NYVD-202306-U-1|2023-11-12 00:00:00.001
NPEZ-PZUQ-XJMZ-202307-N-1|2023-11-12 00:00:00.001
ZTAE-YRXM-XDMW-202307-X-1|2023-11-12 00:00:00.001
RWEH-XKQZ-GMKN-202307-Z-1|2023-11-12 00:00:00.001
LVLG-GMKZ-HKZJ-202306-L-1|2023-11-12 00:00:00.001
MTRQ-MYKX-YAUP-202306-A-1|2023-11-12 00:00:00.001
KYXM-PHWE-TEDV-202307-Y-1|2023-11-12 00:00:00.001
TUYL-ZLYQ-QDWL-202306-L-1|2023-11-12 00:00:00.001
AUNY-JUHE-VXLE-202306-R-1|2023-11-12 00:00:00.001
ANDN-WQNX-TJZD-202306-V-1|2023-11-12 00:00:00.001
RAGK-VXAZ-RNAG-202307-E-1|2023-11-12 00:00:00.001
XKNK-VXZX-EXNE-202307-E-1|2023-11-12 00:00:00.001
GQTR-TRUD-UQLY-202307-V-1|2023-11-12 00:00:00.001
NEYE-QXGH-GNLT-202307-H-1|2023-11-12 00:00:00.001
UEDN-DXEV-EJZW-202306-M-1|2023-11-12 00:00:00.001
XVEV-QVXQ-RNZT-202308-G-1|2023-11-12 00:00:00.001
PRJY-RZMQ-WYRK-202307-T-1|2023-11-12 00:00:00.001
JZAZ-VGNL-VPJR-202307-J-1|2023-11-12 00:00:00.001
RWQG-DQGE-VTQM-202307-R-1|2023-11-12 00:00:00.001
NPNU-QXZP-AMQZ-202306-E-1|2023-11-12 00:00:00.001
GXNX-ULKT-DYPL-202307-M-1|2023-11-27 10:00:03.599
KNAM-VZTD-KMHR-202307-L-1|2023-11-25 15:50:56.602
YRPK-LZKT-KHLM-202307-E-1|2023-11-25 15:38:58.543
LZRZ-TNKW-DEMT-202307-Q-1|2024-01-05 15:31:40.149
LZRZ-TNKW-DEMT-202307-Q-1|2024-01-05 15:31:39.741
NRED-LMHZ-VGXE-202307-J-1|2024-01-03 15:31:57.825
EMKL-MAKJ-XVTY-202307-Q-1|2024-01-03 15:28:09.533
ZQJT-XLXT-DEJW-202307-R-1|2023-12-11 01:52:08.572
MRGM-QVHD-UZAL-202307-M-1|2023-12-11 01:52:03.753
MZED-HJUM-GERD-202307-J-1|2023-12-22 16:00:37.447
MRAX-UXZW-RQXR-202307-D-1|2023-12-21 19:43:16.069
XRXP-UDPA-ZHJN-202307-H-1|2023-12-18 16:21:34.822
XRXP-UDPA-ZHJN-202307-H-1|2023-12-18 16:21:43.948
XRXP-UDPA-ZHJN-202307-H-1|2023-12-18 16:18:10.931
HWQW-YALG-YUYJ-202307-W-1|2023-12-15 16:55:48.901
HWQW-YALG-YUYJ-202307-W-1|2023-12-15 16:55:38.896
JLTY-UYLM-LAPK-202307-Z-1|2023-12-13 10:11:40.466
YDRJ-KZWZ-MZDY-202307-M-1|2023-12-11 12:42:36.140
YDRJ-KZWZ-MZDY-202307-M-1|2023-12-11 12:42:56.300
RWRM-TXVY-GDXK-202307-H-1|2023-12-09 12:11:49.065
LZRZ-TNKW-DEMT-202307-Q-1|2023-11-12 00:00:00.001
NRED-LMHZ-VGXE-202307-J-1|2023-11-12 00:00:00.001
EMKL-MAKJ-XVTY-202307-Q-1|2023-11-12 00:00:00.001
ZQJT-XLXT-DEJW-202307-R-1|2023-11-12 00:00:00.001
MRGM-QVHD-UZAL-202307-M-1|2023-11-12 00:00:00.001
MZED-HJUM-GERD-202307-J-1|2023-11-12 00:00:00.001
MRAX-UXZW-RQXR-202307-D-1|2023-11-12 00:00:00.001
XRXP-UDPA-ZHJN-202307-H-1|2023-11-12 00:00:00.001
HWQW-YALG-YUYJ-202307-W-1|2023-11-12 00:00:00.001
JLTY-UYLM-LAPK-202307-Z-1|2023-11-12 00:00:00.001
YDRJ-KZWZ-MZDY-202307-M-1|2023-11-12 00:00:00.001
RWRM-TXVY-GDXK-202307-H-1|2023-11-12 00:00:00.001
GXNX-ULKT-DYPL-202307-M-1|2023-11-12 00:00:00.001
KNAM-VZTD-KMHR-202307-L-1|2023-11-12 00:00:00.001
YRPK-LZKT-KHLM-202307-E-1|2023-11-12 00:00:00.001
RQYD-VQAD-LZQM-202307-A-1|2023-11-12 00:00:00.001
MKHY-XTLX-XGLD-202307-H-1|2023-11-12 00:00:00.001
KGPZ-QPGD-VDGU-202307-E-1|2023-11-12 00:00:00.001
LKYT-MLUT-YRMQ-202307-D-1|2023-11-12 00:00:00.001
EXHR-KAUD-XENW-202307-K-1|2023-11-12 00:00:00.001
MQVE-VQDM-QUGH-202307-N-1|2023-11-12 00:00:00.001
VJXJ-MEMJ-MKLJ-202307-X-1|2023-11-12 00:00:00.001
ULXM-NRHE-DLEZ-202307-M-1|2023-11-12 00:00:00.001
GZLJ-UJKX-TJPJ-202307-V-1|2023-11-12 00:00:00.001
XPEG-UQJP-NYPV-202307-P-1|2023-11-12 00:00:00.001
HXDL-KWQK-QNLP-202307-Q-1|2023-11-12 00:00:00.001
KAWK-PNUE-TLRH-202307-J-1|2023-11-12 00:00:00.001
RNYX-YKAR-NQPT-202307-D-1|2023-11-12 00:00:00.001
KULT-KEKG-HUDV-202307-X-1|2023-11-12 00:00:00.001
RATV-XGRT-LAHQ-202307-T-1|2023-11-12 00:00:00.001
YULP-XZPN-YMND-202307-K-1|2023-11-12 00:00:00.001
JUPZ-AEGQ-GXPQ-202307-Q-1|2023-11-12 00:00:00.001
ZYXL-HWVA-WZJG-202307-J-1|2023-11-12 00:00:00.001
YQGT-LHQL-LAZJ-202307-Q-1|2023-11-12 00:00:00.001
ARPH-APXG-WYHR-202307-R-1|2023-11-12 00:00:00.001
PUDT-LVWR-ENWE-202307-G-1|2023-11-12 00:00:00.001
DLXV-LAPE-GZQE-202307-A-1|2023-11-12 00:00:00.001
PXRG-HLPJ-VWDR-202307-Y-1|2023-11-12 00:00:00.001
PZKE-AGHU-ZMVJ-202307-Q-1|2023-11-12 00:00:00.001
TLDT-HMRQ-UEYG-202307-R-1|2023-11-12 00:00:00.001
ZKLM-ZWMY-DRUN-202307-G-1|2023-11-12 00:00:00.001
MVYZ-ZXEV-MNXV-202307-M-1|2023-11-12 00:00:00.001
QZET-DAMP-JAEV-202307-R-1|2023-11-12 00:00:00.001
ZYKY-WVXN-JHKY-202307-X-1|2023-11-12 00:00:00.001
DWJA-LRNL-MYVR-202307-W-1|2023-11-12 00:00:00.001
GHRV-UGZW-DZQY-202307-D-1|2023-11-12 00:00:00.001
LXQK-UPEN-APLQ-202307-P-1|2023-11-12 00:00:00.001
RJRP-RJED-LPEL-202307-Q-1|2023-11-12 00:00:00.001
XLQD-PHJL-MJAD-202307-E-1|2023-11-12 00:00:00.001
XLAM-ZVPH-APUN-202307-Z-1|2023-11-12 00:00:00.001
MHEG-QXNP-GHXN-202307-G-1|2023-11-12 00:00:00.001
RDTN-QTNJ-DUZR-202307-J-1|2023-11-12 00:00:00.001
XJTM-LPXK-WYDP-202307-U-1|2023-11-12 00:00:00.001
VANV-DLJN-XMKN-202307-L-1|2023-11-12 00:00:00.001
GXMU-PDNR-LEWY-202307-G-1|2023-11-12 00:00:00.001
MPQK-MLHJ-EAMD-202307-W-1|2023-11-12 00:00:00.001
YDRK-UHEY-NDTX-202307-D-1|2023-11-12 00:00:00.001
YGYQ-QXAN-LEWU-202307-R-1|2023-11-12 00:00:00.001
YPEH-PJZH-HXWJ-202307-A-1|2023-11-12 00:00:00.001
AWNZ-AKRW-QKVG-202307-Z-1|2023-11-12 00:00:00.001
QHGH-TAVJ-QKHT-202307-V-1|2023-11-12 00:00:00.001
XGVG-ZHZY-KVRM-202307-J-1|2023-11-12 00:00:00.001
AHMZ-TJMR-TULG-202307-R-1|2023-11-12 00:00:00.001
GYQG-QVLA-PJVM-202307-R-1|2023-11-12 00:00:00.001
DWUX-GXEM-HTWZ-202307-W-1|2023-11-12 00:00:00.001
PNYG-HAHM-HGYN-202307-W-1|2023-11-12 00:00:00.001
MUGV-PDKL-ZTLP-202307-Z-1|2023-11-12 00:00:00.001
AJEV-WGJQ-RNPQ-202307-J-1|2023-11-12 00:00:00.001
QLXZ-GWZP-GUXW-202307-Y-1|2023-11-12 00:00:00.001
QDLP-GLXA-PWXL-202307-R-1|2023-11-12 00:00:00.001
KEHU-HRGH-LJTG-202307-G-1|2023-11-12 00:00:00.001
PLJN-YVYM-DKWQ-202307-P-1|2023-11-12 00:00:00.001
LJZK-LJHL-DHMD-202307-A-1|2023-11-12 00:00:00.001
RMLD-HVRJ-PQPZ-202307-A-1|2023-11-12 00:00:00.001
VDPK-VMUG-EWPX-202307-G-1|2023-11-12 00:00:00.001
EXYQ-RVHV-WNML-202307-A-1|2023-11-12 00:00:00.001
QZYR-XZKW-WLDU-202307-E-1|2023-11-12 00:00:00.001
QGTR-WMER-YLJR-202307-J-1|2023-11-12 00:00:00.001
PQZG-KEJL-HWEQ-202307-E-1|2023-11-12 00:00:00.001
GQKT-TGJN-EWXA-202307-H-1|2023-11-12 00:00:00.001
WELT-MHWV-PHYZ-202307-Y-1|2023-11-12 00:00:00.001
XRNE-JQRX-ZTKL-202307-W-1|2023-11-12 00:00:00.001
MKGX-DRJD-EPGX-202307-Q-1|2023-11-12 00:00:00.001
JWLM-VPVK-QMVD-202307-G-1|2023-11-12 00:00:00.001
JMEK-MHYE-HWVT-202307-L-1|2023-11-12 00:00:00.001
UEUR-JLWJ-LZUJ-202307-K-1|2023-11-12 00:00:00.001
UKPU-LQXJ-ZQEV-202307-X-1|2023-11-12 00:00:00.001
KDGZ-WPMG-AJAJ-202307-E-1|2023-11-12 00:00:00.001
MUWL-EHYR-PGQD-202307-R-1|2023-11-12 00:00:00.001
LAMT-WJVA-JDJT-202307-U-1|2023-11-12 00:00:00.001
ATVM-MKEH-EWZT-202307-R-1|2023-11-12 00:00:00.001
UEPA-JKNY-LAJQ-202307-T-1|2023-11-12 00:00:00.001
XYNX-YTKH-XMKV-202307-U-1|2023-11-12 00:00:00.001
LVEV-YXGV-KJDK-202307-W-1|2023-11-12 00:00:00.001
UWJM-GLJM-MLUE-202307-G-1|2023-11-12 00:00:00.001
VZEL-TJDT-DTHE-202307-D-1|2023-11-12 00:00:00.001
ZVML-XQXP-LXNW-202307-Z-1|2023-11-12 00:00:00.001
VAYZ-VQWL-TAZL-202307-K-1|2023-11-12 00:00:00.001
NVRH-PVHD-JAWV-202307-R-1|2023-11-12 00:00:00.001
XVQL-APHR-HXGY-202307-H-1|2023-11-12 00:00:00.001
ANPN-LRQD-ZJDM-202307-Y-1|2023-11-12 00:00:00.001
PHZD-WPWY-ENJT-202307-N-1|2023-11-12 00:00:00.001
DNXU-KZAZ-GYNA-202307-D-1|2023-11-12 00:00:00.001
AHVW-PLML-XLNR-202307-Y-1|2023-11-12 00:00:00.001
PGAM-ZLJN-GVRH-202307-D-1|2023-11-12 00:00:00.001
AEJP-JMDM-ZXDE-202307-H-1|2023-11-12 00:00:00.001
GATR-YTJD-PDTG-202307-Y-1|2023-11-12 00:00:00.001
XPHM-JAGT-DZLP-202307-G-1|2023-11-12 00:00:00.001
LVRX-KHMZ-JAET-202307-U-1|2023-11-12 00:00:00.001
TJZH-HADQ-KJLT-202307-U-1|2023-11-12 00:00:00.001
RLTM-TJZK-GLDE-202307-E-1|2023-11-12 00:00:00.001
JQLX-KZRN-UMAT-202307-L-1|2023-11-12 00:00:00.001
YGZD-AUZM-RATA-202307-T-1|2023-11-12 00:00:00.001
MXMT-UKZX-KURQ-202307-Q-1|2023-11-12 00:00:00.001
KTHK-VMZJ-WKLN-202307-A-1|2023-11-12 00:00:00.001
MZMP-KATR-AHRX-202307-V-1|2023-11-12 00:00:00.001
YQJT-JVXP-QYWV-202307-A-1|2023-11-12 00:00:00.001
LMWL-TJHE-AEDJ-202307-W-1|2023-11-12 00:00:00.001
TUPR-VLYX-XMRM-202307-X-1|2023-11-12 00:00:00.001
XHAV-EJET-XDXA-202307-Z-1|2023-11-12 00:00:00.001
JAMR-XNYP-AJNQ-202307-P-1|2023-11-12 00:00:00.001
AKZP-DYKQ-DGQD-202307-T-1|2023-11-12 00:00:00.001
NYZA-AHPR-GYUH-202307-X-1|2023-11-12 00:00:00.001
XKMX-TVHX-XDGY-202307-E-1|2023-11-12 00:00:00.001
GPEH-QZLQ-XWLG-202307-W-1|2023-11-12 00:00:00.001
TWYV-PNDX-PZNT-202307-W-1|2023-11-12 00:00:00.001
JLXN-TVDT-NYZA-202307-R-1|2023-11-12 00:00:00.001
XJDZ-ADLK-QDXT-202307-H-1|2023-11-12 00:00:00.001
TMZW-VNZH-LKXJ-202307-H-1|2023-11-12 00:00:00.001
DZNQ-LRAP-NEKM-202307-A-1|2023-11-12 00:00:00.001
LMYH-DVAU-PYDX-202307-Z-1|2023-11-12 00:00:00.001
LNDZ-UYRY-AEPU-202307-P-1|2023-11-12 00:00:00.001
LEZY-UYLH-UXVG-202307-H-1|2023-11-12 00:00:00.001
ZPNT-JXTE-LRXR-202307-E-1|2023-11-12 00:00:00.001
LAVN-JLHD-AEXL-202307-A-1|2023-11-12 00:00:00.001
UYPT-JTAK-PRTP-202307-P-1|2023-11-12 00:00:00.001
EHDQ-JDQY-KEWJ-202307-M-1|2023-11-12 00:00:00.001
XWGT-HLND-DUEZ-202307-R-1|2023-11-12 00:00:00.001
JWLJ-RUTK-LZVE-202307-L-1|2023-11-12 00:00:00.001
TZDU-QTXR-UGQW-202307-P-1|2023-11-12 00:00:00.001
QEPZ-TXPW-UGAL-202307-M-1|2023-11-12 00:00:00.001
KQZW-KQMP-PMZN-202307-Z-1|2023-11-12 00:00:00.001
UQGV-NZQV-MWAX-202307-H-1|2023-11-12 00:00:00.001
RVMD-PJPE-VHVE-202307-J-1|2023-11-12 00:00:00.001
XGQZ-NPYK-DHPX-202307-Q-1|2023-11-12 00:00:00.001
PXGT-EGRT-QETW-202307-D-1|2023-11-12 00:00:00.001
KHJN-QYHQ-YLQP-202307-A-1|2023-11-12 00:00:00.001
ZHWY-UYQN-NEKH-202307-W-1|2023-11-12 00:00:00.001
XNRP-EHWM-XRLK-202307-K-1|2023-11-12 00:00:00.001
PZNR-RTVX-ZRJP-202307-Z-1|2023-11-12 00:00:00.001
QXQY-WEQU-KNGH-202307-M-1|2023-11-12 00:00:00.001
NVWZ-ERLQ-TKMX-202307-D-1|2023-11-12 00:00:00.001
VXLY-QNMU-QKMU-202307-H-1|2023-11-12 00:00:00.001
PHYG-DYUW-QLHV-202307-L-1|2023-11-12 00:00:00.001
MQRV-QERP-QEGL-202307-P-1|2023-11-12 00:00:00.001
WTGK-UJLZ-WQNA-202307-J-1|2023-11-12 00:00:00.001
GHED-ETHV-UEMR-202307-K-1|2023-11-12 00:00:00.001
DWHA-ALRV-ZUDU-202307-N-1|2023-11-12 00:00:00.001
XNEX-ZTUZ-RAET-202307-G-1|2023-11-12 00:00:00.001
EAGA-TNWR-VKNR-202307-G-1|2023-11-12 00:00:00.001
TENK-MLJD-NUDJ-202307-K-1|2023-11-12 00:00:00.001
YJEH-PZQP-RZVN-202307-A-1|2023-11-12 00:00:00.001
RQNL-LPEU-PRAZ-202307-Z-1|2023-11-12 00:00:00.001
YMEP-YWVA-HUAW-202307-L-1|2023-11-12 00:00:00.001
ATGD-ATLJ-ALAR-202307-L-1|2023-11-12 00:00:00.001
MQUT-TLMY-WARU-202307-A-1|2023-11-12 00:00:00.001
WUMN-GUQU-EWAY-202307-Q-1|2023-11-12 00:00:00.001
LXMW-MGPE-NAUR-202307-R-1|2023-11-12 00:00:00.001
YZDH-NQUG-QWYL-202307-X-1|2023-11-12 00:00:00.001
TGDK-VLTG-ZTWN-202307-H-1|2023-11-12 00:00:00.001
EJVP-MVJE-AXZV-202307-Z-1|2023-11-12 00:00:00.001
ZKZJ-KGAX-JRXL-202307-E-1|2023-11-12 00:00:00.001
ARPN-LVPW-WGJK-202307-V-1|2023-11-12 00:00:00.001
KPQG-GNUE-YQAD-202307-U-1|2023-11-12 00:00:00.001
VPYV-RTUK-XTJG-202307-L-1|2023-11-12 00:00:00.001
EZUT-NVJN-GMLZ-202307-N-1|2023-11-12 00:00:00.001
PUPA-HURM-RJEZ-202307-W-1|2023-11-12 00:00:00.001
WXKJ-RZPW-PDMN-202307-V-1|2023-11-12 00:00:00.001
MUQG-URPV-EWLX-202307-V-1|2023-11-12 00:00:00.001
ZYXQ-UPDY-PTUZ-202307-P-1|2023-11-12 00:00:00.001
JDVQ-VDRJ-XUKP-202307-Y-1|2023-11-12 00:00:00.001
HGZD-ZRTP-WNPE-202307-H-1|2023-11-12 00:00:00.001
TNKZ-NZYG-TRMN-202307-H-1|2023-11-12 00:00:00.001
TULN-MRWL-WYKA-202307-R-1|2023-11-12 00:00:00.001
LPHZ-GKLW-AKWN-202307-N-1|2023-11-12 00:00:00.001
ADNG-RLTH-GLRW-202307-T-1|2023-11-12 00:00:00.001
WGPG-WVAR-PJYK-202307-A-1|2023-11-12 00:00:00.001
ZMPK-TQYZ-VYPH-202307-X-1|2023-11-12 00:00:00.001
YWVJ-VWUR-HQXH-202307-T-1|2023-11-12 00:00:00.001
LWKU-PQAR-VMVL-202307-L-1|2023-11-12 00:00:00.001
WGHR-EULZ-PGJW-202307-X-1|2023-11-12 00:00:00.001
GKXP-DPQU-HXZR-202307-P-1|2023-11-12 00:00:00.001
MURV-RMYP-QZAW-202307-N-1|2023-11-12 00:00:00.001
TDVQ-ZAJL-WZEP-202307-H-1|2023-11-12 00:00:00.001
ZJVR-TNXP-KMXW-202307-T-1|2023-11-12 00:00:00.001
MWMA-GHRP-KAEA-202307-V-1|2023-11-12 00:00:00.001
HTXZ-UJTR-DKJP-202307-J-1|2023-11-12 00:00:00.001
TRJU-GQMV-QPNJ-202307-E-1|2023-11-12 00:00:00.001
DLVY-KJEY-PNKV-202307-Y-1|2023-11-12 00:00:00.001
MZVG-GYRK-YJRV-202307-A-1|2023-11-12 00:00:00.001
QDRD-KXUP-YKLP-202307-Z-1|2023-11-12 00:00:00.001
XQUY-HEJV-JVKZ-202307-X-1|2023-11-12 00:00:00.001
HPJU-YAZJ-QRND-202307-U-1|2023-11-12 00:00:00.001
ZGZH-DRMD-AVQZ-202307-Y-1|2023-11-12 00:00:00.001
KXGL-LHTA-YJLJ-202307-Y-1|2023-11-12 00:00:00.001
VAZN-YEND-NUHU-202307-A-1|2023-11-12 00:00:00.001
LNMH-ETKH-VMAM-202307-P-1|2023-11-12 00:00:00.001
GKEN-GHJG-EJUR-202307-U-1|2023-11-12 00:00:00.001
XERJ-LNYZ-NEUX-202307-X-1|2023-11-12 00:00:00.001
YDYN-NLPM-KYWZ-202307-J-1|2023-11-12 00:00:00.001
PUZD-DYQK-AHEQ-202307-G-1|2023-11-12 00:00:00.001
UERL-ZDGP-GWTK-202307-R-1|2023-11-12 00:00:00.001
MNVL-XVJT-QTNW-202307-H-1|2023-11-12 00:00:00.001
UKYR-EAPT-VMKQ-202307-D-1|2023-11-12 00:00:00.001
ZGUD-TVQK-GULQ-202307-G-1|2023-11-12 00:00:00.001
ZAVR-JAXP-MGQH-202307-P-1|2023-11-12 00:00:00.001
MWRH-LWAD-WUPE-202307-R-1|2023-11-12 00:00:00.001
XARU-DJXN-GPGE-202307-Z-1|2023-11-12 00:00:00.001
YHWH-PYNQ-HLKP-202307-G-1|2023-11-12 00:00:00.001
TNTM-XLNJ-MWUG-202307-M-1|2023-11-12 00:00:00.001
RMHE-VHYU-MAPW-202307-X-1|2023-11-12 00:00:00.001
KMPH-VYQN-LXAQ-202307-E-1|2023-11-12 00:00:00.001
VNXK-UKGT-RAEN-202307-R-1|2023-11-12 00:00:00.001
XTGU-DWMP-TNPE-202307-E-1|2023-11-12 00:00:00.001
AMZR-DNGA-HXDJ-202307-J-1|2023-11-12 00:00:00.001
PQMD-RGQU-KHKE-202307-U-1|2023-11-12 00:00:00.001
QTQY-TLAR-YRJN-202307-V-1|2023-11-12 00:00:00.001
VGJR-HKNT-ANDH-202307-L-1|2023-11-12 00:00:00.001
YLMH-MKVD-JVJR-202307-P-1|2023-11-12 00:00:00.001
QDXK-JPAU-RVQV-202307-G-1|2023-11-12 00:00:00.001
RMJZ-ALQV-ADJZ-202307-M-1|2023-11-12 00:00:00.001
TDMT-HKPM-RZTG-202307-W-1|2023-11-12 00:00:00.001
MTZD-XLRU-PNAE-202307-Y-1|2023-11-12 00:00:00.001
XNWV-ZRMN-RHGM-202307-Y-1|2023-11-12 00:00:00.001
MTEL-NPJU-YVTY-202307-Y-1|2023-11-12 00:00:00.001
AKQR-WGZQ-HUNR-202307-G-1|2023-11-12 00:00:00.001
XLND-PUGV-RAZA-202307-T-1|2023-11-12 00:00:00.001
WHYW-RPHL-VLEU-202307-Q-1|2023-11-12 00:00:00.001
GYHT-ZPHU-UQRU-202307-E-1|2023-11-12 00:00:00.001
JDYE-GEQX-WTYM-202307-A-1|2023-11-12 00:00:00.001
ZTJY-WZVD-KEJY-202307-G-1|2023-11-12 00:00:00.001
VYNJ-AKUA-KLQH-202307-D-1|2023-11-12 00:00:00.001
WLXM-JZNE-MJYH-202307-H-1|2023-11-12 00:00:00.001
DYNG-ZLEL-MKPZ-202307-V-1|2023-11-12 00:00:00.001
ZLDK-TADX-UWUM-202307-E-1|2023-11-12 00:00:00.001
UXTX-DGPN-XZWP-202307-R-1|2023-11-12 00:00:00.001
HKDY-PAQJ-DTPQ-202307-W-1|2023-11-12 00:00:00.001
EYXA-NXPL-TJXK-202307-L-1|2023-11-12 00:00:00.001
GADH-XEQA-NLQR-202307-G-1|2023-11-12 00:00:00.001
JWUZ-KDHL-GKHQ-202307-E-1|2023-11-12 00:00:00.001
AXHA-WRYK-NEHK-202307-A-1|2023-11-12 00:00:00.001
NRET-AQUG-PHUQ-202307-N-1|2023-11-12 00:00:00.001
WRPK-WXWG-DYMK-202307-V-1|2023-11-12 00:00:00.001
UGAL-PDMK-AWPA-202307-D-1|2023-11-12 00:00:00.001
MUYZ-ZGAD-MVAX-202307-M-1|2023-11-12 00:00:00.001
ELDN-MAWY-MDTG-202307-R-1|2023-11-12 00:00:00.001
ZRUE-ZLMD-GRWM-202307-L-1|2023-11-12 00:00:00.001
HZYL-NPGR-DNYZ-202307-V-1|2023-11-12 00:00:00.001
HLPD-LPNZ-QPTY-202307-J-1|2023-11-12 00:00:00.001
AYMA-MUHA-MHTA-202307-G-1|2023-11-12 00:00:00.001
JHRD-EQHQ-TXVM-202307-N-1|2023-11-12 00:00:00.001
ZUTA-PRHV-VKHD-202307-Z-1|2023-11-12 00:00:00.001
PYJM-QLEG-XGJY-202307-T-1|2023-11-12 00:00:00.001
HPNX-PXVY-HTNU-202307-K-1|2023-11-12 00:00:00.001
RPLK-GJEJ-TNTW-202307-L-1|2023-11-12 00:00:00.001
HLGE-LGKH-GMRQ-202307-W-1|2023-11-12 00:00:00.001
EWRW-JNQT-VXYH-202307-H-1|2023-11-12 00:00:00.001
TDQL-ZRDL-XZQY-202307-E-1|2023-11-12 00:00:00.001
JPAK-XULZ-RVJN-202307-J-1|2023-11-12 00:00:00.001
WGYA-TGDQ-HZRM-202307-U-1|2023-11-12 00:00:00.001
DNXL-URYV-XTGK-202307-Y-1|2023-11-12 00:00:00.001
YXVA-WRWT-PVYP-202307-K-1|2023-11-12 00:00:00.001
QXJX-LHUG-KAJW-202307-Q-1|2023-11-12 00:00:00.001
VNQM-KGUL-YRPJ-202307-H-1|2023-11-12 00:00:00.001
LKZE-GDML-TUHX-202307-L-1|2023-11-12 00:00:00.001
JNJG-PMQP-ERVE-202307-Y-1|2023-11-12 00:00:00.001
MNJM-PHQT-PYRG-202307-X-1|2023-11-12 00:00:00.001
JQLM-TEJT-YLGN-202307-L-1|2023-11-12 00:00:00.001
WTWD-JYRZ-JKJL-202307-N-1|2023-11-12 00:00:00.001
TLZG-NKEM-DJGW-202307-Y-1|2023-11-12 00:00:00.001
KPET-ZHWR-WNAE-202307-V-1|2023-11-12 00:00:00.001
WVWN-VHUT-JHXA-202307-U-1|2023-11-12 00:00:00.001
DTDL-NKPT-TJVY-202307-X-1|2023-11-12 00:00:00.001
KREL-JYLG-ZURN-202307-A-1|2023-11-12 00:00:00.001
YKHQ-KTQT-TZVE-202307-X-1|2023-11-12 00:00:00.001
GUJM-RWKW-PATQ-202307-A-1|2023-11-12 00:00:00.001
GRNQ-AMKV-HKYW-202307-U-1|2023-11-12 00:00:00.001
ZDNP-JVTU-XYKY-202307-Q-1|2023-11-12 00:00:00.001
EPLV-DQGM-QVHR-202307-J-1|2023-11-12 00:00:00.001
TUNR-WDNQ-XMVG-202307-U-1|2023-11-12 00:00:00.001
KWGE-WHTP-UTHP-202307-X-1|2023-11-12 00:00:00.001
KTDY-UTQD-EAZQ-202307-V-1|2023-11-12 00:00:00.001
UZJN-JDET-RAMR-202307-K-1|2023-11-12 00:00:00.001
JDJD-QXPK-DZNX-202307-M-1|2023-11-12 00:00:00.001
MEAD-WTYX-TWZK-202307-V-1|2023-11-12 00:00:00.001
JTXY-TWPU-PVZT-202307-N-1|2023-11-12 00:00:00.001
AZRK-XJMA-ZJED-202307-A-1|2023-11-12 00:00:00.001
KJEX-DNEY-QEJQ-202307-V-1|2023-11-12 00:00:00.001
NAZM-GPDE-AGQZ-202307-Q-1|2023-11-12 00:00:00.001
LZWX-DMGK-EAGP-202307-Y-1|2023-11-12 00:00:00.001
MQMY-ENRP-RQHT-202307-H-1|2023-11-12 00:00:00.001
PZQG-HMEX-UHZK-202307-G-1|2023-11-12 00:00:00.001
YJQH-VGNY-QYRU-202307-H-1|2023-11-12 00:00:00.001
XPRH-KHGL-PRZJ-202307-V-1|2023-11-12 00:00:00.001
HYLN-XZQR-PKAX-202307-W-1|2023-11-12 00:00:00.001
DHXK-VNJL-DKUT-202307-H-1|2023-11-12 00:00:00.001
MQEV-UMJZ-JHDR-202307-P-1|2023-11-12 00:00:00.001
HEWR-MJNW-TGZE-202307-V-1|2023-11-12 00:00:00.001
ZYGE-MVPE-EKUD-202307-K-1|2023-11-12 00:00:00.001
TKGD-GYMD-DJEU-202307-D-1|2023-11-12 00:00:00.001
GYJQ-ETVL-LXTA-202307-X-1|2023-11-12 00:00:00.001
MPNZ-ZVLV-XQZR-202307-L-1|2023-11-12 00:00:00.001
VHYZ-JKPX-MZXH-202307-M-1|2023-11-12 00:00:00.001
VXEZ-YNQW-DEGY-202307-X-1|2023-11-12 00:00:00.001
JYEH-RPLN-WMVZ-202307-Q-1|2023-11-12 00:00:00.001
NYTZ-JEQD-RGPD-202307-P-1|2023-11-12 00:00:00.001
QKND-QALP-HVRT-202307-J-1|2023-11-12 00:00:00.001
DKYX-YZDL-LMVD-202307-H-1|2023-11-12 00:00:00.001
EUNJ-MVDX-QJAD-202307-U-1|2023-11-12 00:00:00.001
NUGD-DKNT-KJRY-202307-G-1|2023-11-12 00:00:00.001
HAEU-DNDQ-ZMGH-202307-E-1|2023-11-12 00:00:00.001
XTKG-RNLN-TLGE-202307-L-1|2023-11-12 00:00:00.001
NXKJ-MAZK-RVPU-202307-L-1|2023-11-12 00:00:00.001
AKXY-PHJG-AKUW-202307-J-1|2023-11-12 00:00:00.001
WJTX-NEQW-TXRE-202307-Z-1|2023-11-12 00:00:00.001
TGXH-LWEN-ADQZ-202307-M-1|2023-11-12 00:00:00.001
MYWY-VJQN-MRAZ-202307-J-1|2023-11-12 00:00:00.001
WUDE-KHEG-HAKA-202307-H-1|2023-11-12 00:00:00.001
WHJQ-KUKW-VRDR-202307-H-1|2023-11-12 00:00:00.001
ULPE-TLUH-ETUE-202307-M-1|2023-11-12 00:00:00.001
UKTZ-EMXL-ULPK-202307-N-1|2023-11-12 00:00:00.001
LXEY-TRPM-EPRN-202307-K-1|2023-11-12 00:00:00.001
EXRE-WEWJ-MDZY-202307-H-1|2023-11-12 00:00:00.001
ZLAZ-ZNMD-NGMN-202307-X-1|2023-11-12 00:00:00.001
PYUA-YTME-RPEX-202307-P-1|2023-11-12 00:00:00.001
GUPZ-RNAM-LAHM-202307-A-1|2023-11-12 00:00:00.001
URDZ-TANY-QYVL-202307-G-1|2023-11-12 00:00:00.001
YKZJ-GNTR-HVZE-202307-Q-1|2023-11-12 00:00:00.001
QJYQ-XNPX-AQZE-202307-W-1|2023-11-12 00:00:00.001
ZQMK-LHYG-GXJZ-202307-K-1|2023-11-12 00:00:00.001
AQKM-ERJA-DYTM-202307-P-1|2023-11-12 00:00:00.001
DMGA-GLXK-YGDJ-202307-Y-1|2023-11-12 00:00:00.001
QUER-AMKP-WMWX-202307-K-1|2023-11-12 00:00:00.001
HXJW-TZVD-DAEJ-202307-H-1|2023-11-12 00:00:00.001
QYMD-KZXJ-YNWR-202307-K-1|2023-11-12 00:00:00.001
VQVD-EGMP-KHXW-202307-U-1|2023-11-12 00:00:00.001
NVGK-XHPL-UGJL-202307-K-1|2023-11-12 00:00:00.001
JUDE-RAHE-VXWQ-202307-J-1|2023-11-12 00:00:00.001
QNVM-UTAG-MGLH-202307-D-1|2023-11-12 00:00:00.001
HWGK-GDTH-XZVK-202307-T-1|2023-11-12 00:00:00.001
XTQK-KAXR-TXQN-202307-Y-1|2023-11-12 00:00:00.001
JGEN-TDUN-DEGA-202307-M-1|2023-11-12 00:00:00.001
UEZY-PWTZ-QYZY-202307-G-1|2023-11-12 00:00:00.001
PUNW-HUYU-AHQE-202307-E-1|2023-11-12 00:00:00.001
KULJ-NKAL-AGLX-202307-L-1|2023-11-12 00:00:00.001
XZVE-WGRL-VRZJ-202307-M-1|2023-11-12 00:00:00.001
KRNM-KMUH-PMQE-202307-H-1|2023-11-12 00:00:00.001
EALU-VMNK-NTXD-202307-L-1|2023-11-12 00:00:00.001
AWVR-JAPD-WMNA-202307-Y-1|2023-11-12 00:00:00.001
VJAM-QVEK-KHTQ-202307-E-1|2023-11-12 00:00:00.001
GRNG-RVYN-APGN-202307-N-1|2023-11-12 00:00:00.001
DRTD-TUMP-XWHX-202307-R-1|2023-11-12 00:00:00.001
RXEJ-ZHYQ-WJQK-202307-R-1|2023-11-12 00:00:00.001
YETP-YZLG-LNVK-202307-T-1|2023-11-12 00:00:00.001
QDYX-TQDT-JXMQ-202307-R-1|2023-11-12 00:00:00.001
KEWJ-QTYP-NDQN-202307-X-1|2023-11-12 00:00:00.001
DNXD-QXZX-ATUQ-202307-W-1|2023-11-12 00:00:00.001
TMPV-WQJW-UXDR-202307-H-1|2023-11-12 00:00:00.001
VZXJ-EHPU-WKDY-202307-T-1|2023-11-12 00:00:00.001
JLEW-UTDV-WNXQ-202307-R-1|2023-11-12 00:00:00.001
EPUN-WVYE-JKYH-202307-J-1|2023-11-12 00:00:00.001
MVHD-EQRD-YNWP-202307-T-1|2023-11-12 00:00:00.001
ZRKT-GDEJ-LDET-202307-P-1|2023-11-12 00:00:00.001
ZUMZ-NGRH-UAZY-202307-J-1|2023-11-12 00:00:00.001
KULQ-JUKX-MDUE-202307-Q-1|2023-11-12 00:00:00.001
ALVT-MLRP-KYAD-202307-G-1|2023-11-12 00:00:00.001
GYDV-NTVR-XDHY-202307-R-1|2023-11-12 00:00:00.001
VEAQ-JDGH-YTNP-202307-X-1|2023-11-12 00:00:00.001
RHGD-GQHU-XNXU-202307-V-1|2023-11-12 00:00:00.001
XULJ-MERZ-MKAJ-202307-N-1|2023-11-12 00:00:00.001
NTHL-JRDU-KUKT-202307-P-1|2023-11-12 00:00:00.001
KNZV-RLAJ-ZDRZ-202307-P-1|2023-11-12 00:00:00.001
ELKW-PWNZ-DZLY-202307-W-1|2023-11-12 00:00:00.001
YDYJ-PDAH-ENGJ-202307-E-1|2023-11-12 00:00:00.001
GHKV-WXVM-RZNE-202307-R-1|2023-11-12 00:00:00.001
ZPXE-UJNV-MNRG-202307-N-1|2023-11-12 00:00:00.001
NDJD-TERX-ULHV-202307-K-1|2023-11-12 00:00:00.001
ADVL-AMTK-YJYD-202307-Y-1|2023-11-12 00:00:00.001
NRMU-JNJZ-MHJN-202307-T-1|2023-11-12 00:00:00.001
JWQY-QXDJ-KZRG-202307-P-1|2023-11-12 00:00:00.001
XJKQ-UHDH-YWAM-202307-P-1|2023-11-12 00:00:00.001
JGDA-PDMH-XYXQ-202307-D-1|2023-11-12 00:00:00.001
ZMWZ-MRHD-RXLJ-202307-U-1|2023-11-12 00:00:00.001
TLUW-QVET-WVZV-202307-E-1|2023-11-12 00:00:00.001
DLGR-NXJZ-UHAT-202307-P-1|2023-11-12 00:00:00.001
HTNK-UQVL-ZWYR-202307-P-1|2023-11-12 00:00:00.001
KUPW-WADA-PWNZ-202307-G-1|2023-11-12 00:00:00.001
YMQM-EKGN-QPTM-202307-T-1|2023-11-12 00:00:00.001
PEAE-DNXU-MXAE-202307-M-1|2023-11-12 00:00:00.001
VHXE-JZGW-NLYJ-202307-K-1|2023-11-12 00:00:00.001
HRGJ-LQGQ-RLMJ-202307-U-1|2023-11-12 00:00:00.001
JDRM-KMHV-GLZQ-202307-J-1|2023-11-12 00:00:00.001
WJLD-MJZA-EJDW-202307-Q-1|2023-11-12 00:00:00.001
YGEM-DNDP-URUZ-202307-X-1|2023-11-12 00:00:00.001
MPXW-UXUE-YLZH-202307-R-1|2023-11-12 00:00:00.001
UEWU-YVWJ-HAMV-202307-T-1|2023-11-12 00:00:00.001
GKTY-PTQX-UKRW-202307-J-1|2023-11-12 00:00:00.001
VDQH-LVYU-XQUJ-202307-Y-1|2023-11-12 00:00:00.001
KXUY-URTX-WEXL-202307-Z-1|2023-11-12 00:00:00.001
GHAW-NUJQ-VPZW-202307-M-1|2023-11-12 00:00:00.001
VRXP-XDZV-WTNY-202307-M-1|2023-11-12 00:00:00.001
JWNR-ZVHQ-WKPG-202307-R-1|2023-11-12 00:00:00.001
UYTU-VTWL-VJTK-202307-V-1|2023-11-12 00:00:00.001
RAEQ-MYEY-PNQN-202307-W-1|2023-11-12 00:00:00.001
URJL-LALZ-WXAT-202307-G-1|2023-11-12 00:00:00.001
PXNY-XPZG-PDPN-202307-Z-1|2023-11-12 00:00:00.001
DUPZ-URJT-WQWR-202307-N-1|2023-11-12 00:00:00.001
PNYK-UYAK-VMRX-202307-Z-1|2023-11-12 00:00:00.001
UMRJ-PYTY-MGUZ-202307-M-1|2023-11-12 00:00:00.001
QLUZ-UZMK-RAYD-202307-V-1|2023-11-12 00:00:00.001
LETK-APYT-RQYX-202307-T-1|2023-11-12 00:00:00.001
LKHU-LQKQ-LWNY-202307-E-1|2023-11-12 00:00:00.001
EAHZ-LTLN-ZLDP-202307-H-1|2023-11-12 00:00:00.001
XVZL-YJYE-QUGN-202307-H-1|2023-11-12 00:00:00.001
WZAK-DQLQ-DADU-202307-T-1|2023-11-12 00:00:00.001
UPEW-RNAG-JWYW-202307-L-1|2023-11-12 00:00:00.001
WJWP-HRQJ-VPTQ-202307-U-1|2023-11-12 00:00:00.001
UXPV-GNRH-EZDR-202307-H-1|2023-11-12 00:00:00.001
JEJR-ZQJK-UGZU-202307-D-1|2023-11-12 00:00:00.001
YMPE-LNGP-WGWG-202307-Q-1|2023-11-12 00:00:00.001
PXKT-PNEA-DPUM-202307-K-1|2023-11-12 00:00:00.001
VLKE-EHTE-GLQU-202307-R-1|2023-11-12 00:00:00.001
XHQW-PLHG-LVNU-202307-G-1|2023-11-12 00:00:00.001
UZUD-MJTU-VZUQ-202307-T-1|2023-11-12 00:00:00.001
EVXD-VWDH-HMHE-202307-V-1|2023-11-12 00:00:00.001
KVJD-UZGQ-EXMD-202307-M-1|2023-11-12 00:00:00.001
HEZX-LPWR-GKAK-202307-M-1|2023-11-12 00:00:00.001
KTNT-MGEQ-HRHR-202307-G-1|2023-11-12 00:00:00.001
EXAJ-PZJL-JZYM-202307-D-1|2023-11-12 00:00:00.001
DVPQ-GEGQ-XGVL-202307-H-1|2023-11-12 00:00:00.001
MWTL-YGYV-NZUX-202307-G-1|2023-11-12 00:00:00.001
QPUX-NGYG-THMR-202307-M-1|2023-11-12 00:00:00.001
GMJP-VEAR-MUYM-202307-N-1|2023-11-12 00:00:00.001
HVHU-APZT-YLQY-202307-Z-1|2023-11-12 00:00:00.001
XWVT-ZNPN-AXKJ-202307-E-1|2023-11-12 00:00:00.001
EZLD-WGWU-YUEZ-202307-X-1|2023-11-12 00:00:00.001
MWGA-VQEH-QWNE-202307-G-1|2023-11-12 00:00:00.001
AYED-VZDP-VJDN-202307-E-1|2023-11-12 00:00:00.001
XGKM-JTNJ-GWGZ-202307-T-1|2023-11-12 00:00:00.001
YZTH-KWEU-AYNU-202307-Z-1|2023-11-12 00:00:00.001
XLNQ-LDRJ-KRHT-202307-P-1|2023-11-12 00:00:00.001
HPGY-UHMY-AXDW-202307-Z-1|2023-11-12 00:00:00.001
RVAH-JDGZ-ZVKL-202307-R-1|2023-11-12 00:00:00.001
WJNA-URMX-MXJW-202307-T-1|2023-11-12 00:00:00.001
EYNY-TMJA-YMRN-202307-K-1|2023-11-12 00:00:00.001
KXEL-NLVG-RQAV-202307-P-1|2023-11-12 00:00:00.001
WAWE-GNZQ-TNYX-202307-Z-1|2023-11-12 00:00:00.001
KJYH-DXTP-HZUD-202307-Y-1|2023-11-12 00:00:00.001
DUTZ-NELV-GTEU-202307-Y-1|2023-11-12 00:00:00.001
QUJQ-GEHJ-KJEJ-202307-Z-1|2023-11-12 00:00:00.001
VMRL-EZGY-MLRX-202307-U-1|2023-11-12 00:00:00.001
JHAN-HZYV-XKVP-202307-M-1|2023-11-12 00:00:00.001
NGXV-AJQH-QJNP-202307-J-1|2023-11-12 00:00:00.001
PDVL-WNXW-VGYP-202307-G-1|2023-11-12 00:00:00.001
AKLJ-JKJN-EVTE-202307-D-1|2023-11-12 00:00:00.001
HVJA-QPJT-HYXZ-202307-L-1|2023-11-12 00:00:00.001
JMTU-NTRP-URZD-202307-W-1|2023-11-12 00:00:00.001
GUJW-LEDN-ZLUL-202307-P-1|2023-11-12 00:00:00.001
UEJP-XLMW-NEYL-202307-D-1|2023-11-12 00:00:00.001
DUKL-WRWA-XVNE-202307-D-1|2023-11-12 00:00:00.001
RGMD-YUAU-GXPL-202307-T-1|2023-11-12 00:00:00.001
WDER-MNKH-ZUJD-202307-G-1|2023-11-12 00:00:00.001
GLRJ-HERT-KHZG-202307-W-1|2023-11-12 00:00:00.001
MKTH-MAYN-LEHP-202307-V-1|2023-11-12 00:00:00.001
PMRH-RJRK-HGEV-202307-Z-1|2023-11-12 00:00:00.001
WKYD-EMRN-NUPT-202307-H-1|2023-11-12 00:00:00.001
REQJ-QJZV-VMRZ-202307-A-1|2023-11-12 00:00:00.001
YWJH-LRZQ-GTUA-202307-M-1|2023-11-12 00:00:00.001
GTJZ-MYXQ-ZPJY-202307-R-1|2023-11-12 00:00:00.001
QNKG-QMRL-PYEW-202307-Z-1|2023-11-12 00:00:00.001
MRTR-LZNQ-YKNY-202307-M-1|2023-11-12 00:00:00.001
QNEK-PMNJ-PNLA-202307-R-1|2023-11-12 00:00:00.001
UKLX-NAYH-PYTJ-202307-L-1|2023-11-12 00:00:00.001
XNMG-ENPL-PRUH-202307-Q-1|2023-11-12 00:00:00.001
QDWL-GHZJ-NPTA-202307-H-1|2023-11-12 00:00:00.001
WVXQ-YGKA-EHMX-202307-G-1|2023-11-12 00:00:00.001
RXEY-AYPZ-GNZN-202307-E-1|2023-11-12 00:00:00.001
MUMP-YAHX-KXZG-202307-P-1|2023-11-12 00:00:00.001
LXGL-WUKU-XWMA-202307-Q-1|2023-11-12 00:00:00.001
MLUL-VXLW-KMAX-202307-M-1|2023-11-12 00:00:00.001
DUYQ-KTDJ-KMVZ-202307-G-1|2023-11-12 00:00:00.001
XYHG-WKYL-PDZP-202307-V-1|2023-11-12 00:00:00.001
UPNJ-THRH-NENK-202307-G-1|2023-11-12 00:00:00.001
XRAX-MPDR-DZKD-202307-P-1|2023-11-12 00:00:00.001
UKWD-MZTW-WUAH-202307-T-1|2023-11-12 00:00:00.001
XMKZ-YAUZ-ZTZW-202307-U-1|2023-11-12 00:00:00.001
WMXZ-HDGT-QMDX-202307-H-1|2023-11-12 00:00:00.001
JHQH-NEQM-YQHV-202307-M-1|2023-11-12 00:00:00.001
AYQD-JQGE-RPNY-202307-K-1|2023-11-12 00:00:00.001
NTUD-QTLY-VXZJ-202307-M-1|2023-11-12 00:00:00.001
VGUR-JKTG-YUTN-202307-Q-1|2023-11-12 00:00:00.001
PNEN-TMTG-ETUL-202307-N-1|2023-11-12 00:00:00.001
NLHD-WQMV-TJNR-202307-W-1|2023-11-12 00:00:00.001
XZTV-ZHEN-HRJW-202307-D-1|2023-11-12 00:00:00.001
JLDM-NAUM-TRAQ-202307-U-1|2023-11-12 00:00:00.001
TRZR-EHQK-TVDZ-202307-T-1|2023-11-12 00:00:00.001
TJAW-EDRA-GZQX-202307-J-1|2023-11-12 00:00:00.001
THJK-MXRX-GYVW-202307-A-1|2023-11-12 00:00:00.001
HMQT-JGHK-QLNQ-202307-Y-1|2023-11-12 00:00:00.001
YEXH-MPYV-DHJK-202307-U-1|2023-11-12 00:00:00.001
VEPQ-DYKE-LARL-202307-X-1|2023-11-12 00:00:00.001
XNVM-ZRUX-TGWG-202307-R-1|2023-11-12 00:00:00.001
UGPR-RHWT-YAVR-202307-V-1|2023-11-12 00:00:00.001
QRMV-LJVT-ZDJX-202307-U-1|2023-11-12 00:00:00.001
LAWQ-RAKQ-MDGX-202307-Y-1|2023-11-12 00:00:00.001
KHKZ-LPXD-PHLE-202307-Z-1|2023-11-12 00:00:00.001
WYQK-QEZK-KXGM-202307-N-1|2023-11-12 00:00:00.001
ZDAU-HUNL-NWVK-202307-A-1|2023-11-12 00:00:00.001
XTAL-UMLY-APZH-202307-G-1|2023-11-12 00:00:00.001
RKYR-HZXJ-QVQL-202307-G-1|2023-11-12 00:00:00.001
MXQM-PWRD-WETU-202307-U-1|2023-11-12 00:00:00.001
KGMY-LJPL-HQLW-202307-M-1|2023-11-12 00:00:00.001
KPUD-UEXV-NYMT-202307-T-1|2023-11-12 00:00:00.001
UWJA-LKWU-GVQX-202307-P-1|2023-11-12 00:00:00.001
DYWA-YRHA-NZPQ-202307-H-1|2023-11-12 00:00:00.001
JAVG-MXKX-YZKN-202307-N-1|2023-11-12 00:00:00.001
QDPD-QKAR-JMYW-202307-J-1|2023-11-12 00:00:00.001
AYMU-DEGT-NJLR-202307-Y-1|2023-11-12 00:00:00.001
VHJU-KQKJ-KGXD-202307-Z-1|2023-11-12 00:00:00.001
VAWL-LXRQ-AQEW-202307-A-1|2023-11-12 00:00:00.001
HQML-LNEH-TZMK-202307-H-1|2023-11-12 00:00:00.001
GVQP-LYKJ-KTJX-202307-E-1|2023-11-12 00:00:00.001
DRQW-XJHL-HGWR-202307-U-1|2023-11-12 00:00:00.001
JRVG-QAKT-ADKT-202307-Q-1|2023-11-12 00:00:00.001
KXZJ-AJXR-EPDR-202307-R-1|2023-11-12 00:00:00.001
NADA-HEVP-DZGQ-202307-D-1|2023-11-12 00:00:00.001
EXZV-QGML-UEDU-202307-Z-1|2023-11-12 00:00:00.001
XAWJ-VTHX-RXQW-202307-N-1|2023-11-12 00:00:00.001
VHYM-EYXP-GLVP-202307-T-1|2023-11-12 00:00:00.001
DUZW-KPZP-TQHA-202307-N-1|2023-11-12 00:00:00.001
VTPW-HVXN-GVLU-202307-H-1|2023-11-12 00:00:00.001
XZMA-GPWL-HEUD-202307-L-1|2023-11-12 00:00:00.001
WUZQ-TJZR-EXUY-202307-K-1|2023-11-12 00:00:00.001
UXDZ-DWLV-GPWD-202307-K-1|2023-11-12 00:00:00.001
YJYP-MHQN-WKEJ-202307-Y-1|2023-11-12 00:00:00.001
XKLH-MAWG-JWLN-202307-H-1|2023-11-12 00:00:00.001
JPYP-UMRN-KWER-202307-M-1|2023-11-12 00:00:00.001
EVLT-LKGU-ZLYH-202307-D-1|2023-11-12 00:00:00.001
PQRY-VELN-DVJZ-202307-P-1|2023-11-12 00:00:00.001
DNAX-PAMX-DNYT-202307-N-1|2023-11-12 00:00:00.001
YPRE-LXML-QWHR-202307-P-1|2023-11-12 00:00:00.001
DTGM-HDAZ-JPVD-202307-K-1|2023-11-12 00:00:00.001
THZT-LTYK-UWEH-202307-V-1|2023-11-12 00:00:00.001
GZJT-EWGP-HPUR-202307-X-1|2023-11-12 00:00:00.001
LZQK-AJRE-RVJX-202307-X-1|2023-11-12 00:00:00.001
ANKL-JDKQ-RJMT-202307-N-1|2023-11-12 00:00:00.001
ERLY-RUTJ-HQWZ-202307-Z-1|2023-11-12 00:00:00.001
GNTH-JDNW-TUTD-202307-L-1|2023-11-12 00:00:00.001
TRXJ-PNZE-ZYPN-202307-N-1|2023-11-12 00:00:00.001
RYKM-YQUX-DLPL-202307-V-1|2023-11-12 00:00:00.001
NLNJ-GTHZ-PUGL-202307-N-1|2023-11-12 00:00:00.001
GYGU-NVXZ-LMZE-202307-A-1|2023-11-12 00:00:00.001
TEAE-DJAZ-GXYH-202307-P-1|2023-11-12 00:00:00.001
MPLH-MXAM-WAVR-202307-Q-1|2023-11-12 00:00:00.001
GZTK-RHET-QDWD-202307-L-1|2023-11-12 00:00:00.001
DMRU-QHUW-HVTG-202307-D-1|2023-11-12 00:00:00.001
DHUP-AQRN-MDQE-202307-N-1|2023-11-12 00:00:00.001
DHDM-LTAJ-GAWP-202307-U-1|2023-11-12 00:00:00.001
GKPZ-THXJ-ZPLJ-202307-H-1|2023-11-12 00:00:00.001
TKDW-ZGXV-KJKL-202307-A-1|2023-11-12 00:00:00.001
NXYT-XNQA-VAZY-202307-R-1|2023-11-12 00:00:00.001
RDLN-NVZR-PYVM-202307-D-1|2023-11-12 00:00:00.001
PGVY-UJTD-KZDE-202307-T-1|2023-11-12 00:00:00.001
PNYJ-NTXL-PRQP-202307-X-1|2023-11-12 00:00:00.001
THAZ-JEDV-HTKX-202307-J-1|2023-11-12 00:00:00.001
MDMZ-XLET-TVLH-202307-A-1|2023-11-12 00:00:00.001
EQPD-LAHG-NKMQ-202307-Y-1|2023-11-12 00:00:00.001
UQAY-ZPDT-WQDY-202307-Y-1|2023-11-12 00:00:00.001
PNZY-ZNVR-XEGJ-202307-H-1|2023-11-12 00:00:00.001
MRDH-ATHJ-JKLA-202307-Q-1|2023-11-12 00:00:00.001
MLWX-NPVL-RGLN-202307-K-1|2023-11-12 00:00:00.001
TQND-LANE-RVJZ-202307-N-1|2023-11-12 00:00:00.001
RNMJ-XMEV-JRTL-202307-Z-1|2023-11-12 00:00:00.001
XDMV-TMPD-GZUX-202307-R-1|2023-11-12 00:00:00.001
DLJZ-WNYG-NKQA-202307-P-1|2023-11-12 00:00:00.001
TYWP-PAPD-XZWX-202307-T-1|2023-11-12 00:00:00.001
XRJH-KRZL-XDAR-202307-Y-1|2023-11-12 00:00:00.001
HRVY-XHYJ-TYNM-202307-L-1|2023-11-12 00:00:00.001
DXAT-JTLX-YNZG-202307-M-1|2023-11-12 00:00:00.001
PGNE-THYU-TYPA-202307-A-1|2023-11-12 00:00:00.001
LQTR-VMHD-HPQU-202307-W-1|2023-11-12 00:00:00.001
QDGM-NMXT-VPHQ-202307-W-1|2023-11-12 00:00:00.001
EVJP-NKZV-TZHP-202307-T-1|2023-11-12 00:00:00.001
ENYL-QNLA-LMHQ-202307-Z-1|2023-11-12 00:00:00.001
WMQA-HVJG-YHKJ-202307-D-1|2023-11-12 00:00:00.001
EUTJ-UWRH-KEXK-202307-X-1|2023-11-12 00:00:00.001
LXQV-EUAN-RDYJ-202307-X-1|2023-11-12 00:00:00.001
GUNU-NQHX-LVXA-202307-K-1|2023-11-12 00:00:00.001
GRVT-LDLN-YGRE-202307-M-1|2023-11-12 00:00:00.001
YDTA-XRVT-XRAP-202307-U-1|2023-11-12 00:00:00.001
HTNJ-PJUP-GJUN-202307-L-1|2023-11-12 00:00:00.001
DGMY-HERQ-QWQG-202307-K-1|2023-11-12 00:00:00.001
XWPV-PGWD-XDTW-202307-D-1|2023-11-12 00:00:00.001
PYRA-GKTP-AEJG-202307-M-1|2023-11-12 00:00:00.001
MTGJ-PHJD-JRLM-202307-L-1|2023-11-12 00:00:00.001
XVAU-LNYE-QVGV-202307-R-1|2023-11-12 00:00:00.001
EZMQ-NRNU-WRJG-202307-K-1|2023-11-12 00:00:00.001
AGTX-YZMT-HRJL-202307-J-1|2023-11-12 00:00:00.001
HKYZ-JAXT-TXEH-202307-H-1|2023-11-12 00:00:00.001
DPGA-XAGR-KMUJ-202307-J-1|2023-11-12 00:00:00.001
QDRE-RMRE-TGRY-202307-R-1|2023-11-12 00:00:00.001
AZUQ-XTGY-NUHA-202307-M-1|2023-11-12 00:00:00.001
JUGT-TWEX-LGQZ-202307-N-1|2023-11-12 00:00:00.001
HTKL-UXYR-MYAU-202307-X-1|2023-11-12 00:00:00.001
ANGM-XWRK-GPTA-202307-G-1|2023-11-12 00:00:00.001
TMJA-REMD-TYHG-202307-T-1|2023-11-12 00:00:00.001
KRDA-HJGL-NKMR-202307-Z-1|2023-11-12 00:00:00.001
ZLXL-DJPN-QKLW-202307-D-1|2023-11-12 00:00:00.001
AEXM-UGYV-TVTN-202307-T-1|2023-11-12 00:00:00.001
QZAT-KAXT-VADV-202307-W-1|2023-11-12 00:00:00.001
HWHK-XZYV-RDKU-202307-Y-1|2023-11-12 00:00:00.001
VDVZ-HAUK-VWPU-202307-V-1|2023-11-12 00:00:00.001
GEMX-EDKV-MPNM-202307-V-1|2023-11-12 00:00:00.001
ADJX-XRMX-RXAM-202307-A-1|2023-11-12 00:00:00.001
UZLN-VMVJ-LHWL-202307-R-1|2023-11-12 00:00:00.001
VELY-NJEJ-NYPT-202307-Z-1|2023-11-12 00:00:00.001
ZAPT-DYPT-WUMV-202307-G-1|2023-11-12 00:00:00.001
TGDZ-AZPJ-LNQK-202307-N-1|2023-11-12 00:00:00.001
DWEN-EGEU-AQLA-202307-T-1|2023-11-12 00:00:00.001
JHZH-VQDU-VPVX-202307-W-1|2023-11-12 00:00:00.001
VMAE-DNRL-HMXN-202307-Y-1|2023-11-12 00:00:00.001
GUZX-PWDX-JPQP-202307-Z-1|2023-11-12 00:00:00.001
GRLN-DAJR-NKPQ-202307-Q-1|2023-11-12 00:00:00.001
WEDZ-ALRH-ATZP-202307-N-1|2023-11-12 00:00:00.001
MGEV-DKAY-QHJP-202307-N-1|2023-11-12 00:00:00.001
DGXQ-QZVT-NJLD-202307-Y-1|2023-11-12 00:00:00.001
UQTK-EZAW-VYKL-202307-T-1|2023-11-12 00:00:00.001
RTRU-AVQP-QUQU-202307-G-1|2023-11-12 00:00:00.001
DJWZ-KZJH-QNLZ-202307-L-1|2023-11-12 00:00:00.001
JWYE-VAGA-MDHM-202307-K-1|2023-11-12 00:00:00.001
RUWX-TKNK-GHZV-202307-A-1|2023-11-12 00:00:00.001
ZMXJ-ZGTA-AZRN-202307-P-1|2023-11-12 00:00:00.001
QGKZ-QVHP-GATV-202307-W-1|2023-11-12 00:00:00.001
ALHJ-UJAD-KPHX-202307-Z-1|2023-11-12 00:00:00.001
GJMT-ZDYQ-ANZV-202307-L-1|2023-11-12 00:00:00.001
KUDL-EPQG-AZPK-202307-V-1|2023-11-12 00:00:00.001
KMPZ-TVAR-YJMN-202307-N-1|2023-11-12 00:00:00.001
JLEQ-PENR-WDYT-202307-R-1|2023-11-12 00:00:00.001
GQLJ-VETQ-HPEZ-202307-M-1|2023-11-12 00:00:00.001
AEGL-PHPK-VAGV-202307-D-1|2023-11-12 00:00:00.001
WDEP-KUGM-ERZU-202307-T-1|2023-11-12 00:00:00.001
NLDE-DEMT-TXVW-202307-P-1|2023-11-12 00:00:00.001
VDEK-EHYN-RJEM-202307-P-1|2023-11-12 00:00:00.001
DEWN-LEDK-YTKR-202307-Z-1|2023-11-12 00:00:00.001
EDJQ-DYXM-RPWE-202307-N-1|2023-11-12 00:00:00.001
VKTZ-ZQPY-PHYZ-202307-M-1|2023-11-12 00:00:00.001
LPUE-EKPG-EUGR-202307-Q-1|2023-11-12 00:00:00.001
KZDG-EZTN-QJPE-202307-K-1|2023-11-12 00:00:00.001
DLRU-VKYQ-VEWK-202307-N-1|2023-11-12 00:00:00.001
HXDA-NRXV-PEAT-202307-K-1|2023-11-12 00:00:00.001
NGDU-WHXK-KZXG-202307-D-1|2023-11-12 00:00:00.001
YHWY-AENK-QXDH-202307-R-1|2023-11-12 00:00:00.001
PMJH-KARV-XERU-202307-Q-1|2023-11-12 00:00:00.001
WPHM-NTVM-ZEQH-202307-J-1|2023-11-12 00:00:00.001
HUQT-AQGJ-ANAH-202307-A-1|2023-11-12 00:00:00.001
TZGK-TGWU-VGWQ-202307-Y-1|2023-11-12 00:00:00.001
AUZV-NQAG-DHRM-202307-E-1|2023-11-12 00:00:00.001
ULUK-ZLPD-XLDH-202307-T-1|2023-11-12 00:00:00.001
NZAZ-AXQT-KYPE-202307-P-1|2023-11-12 00:00:00.001
QPJV-WJPL-GRJW-202307-D-1|2023-11-12 00:00:00.001
WATR-JQXW-AGMY-202307-J-1|2023-11-12 00:00:00.001
XWYR-GMRA-VKHV-202307-R-1|2023-11-12 00:00:00.001
WLEH-WZQV-GKHA-202307-N-1|2023-11-12 00:00:00.001
QXYW-KUKW-JULE-202307-Y-1|2023-11-12 00:00:00.001
EJGQ-PLAU-QETJ-202307-N-1|2023-11-12 00:00:00.001
AXZM-QAQX-QAXW-202307-T-1|2023-11-12 00:00:00.001
ELZP-XVHP-KUME-202307-A-1|2023-11-12 00:00:00.001
RUWT-YTRT-YULV-202307-Q-1|2023-11-12 00:00:00.001
THWM-WXVG-WZTJ-202307-Q-1|2023-11-12 00:00:00.001
GKQR-VHKZ-WENK-202307-V-1|2023-11-12 00:00:00.001
RGEW-PDHK-UXAE-202307-T-1|2023-11-12 00:00:00.001
XTPQ-UAWD-VTUL-202307-X-1|2023-11-12 00:00:00.001
ARAK-ZHMP-JYWY-202307-E-1|2023-11-12 00:00:00.001
KWRQ-YAGQ-RDZW-202307-Q-1|2023-11-12 00:00:00.001
TMJT-ZTGU-GPJY-202307-P-1|2023-11-12 00:00:00.001
AGHZ-GXHV-TZGA-202307-K-1|2023-11-12 00:00:00.001
ZXRX-ATRP-GMUX-202307-M-1|2023-11-12 00:00:00.001
PLTP-WRQT-UENM-202307-Q-1|2023-11-12 00:00:00.001
YQDN-VDJX-AXPZ-202307-N-1|2023-11-12 00:00:00.001
ADJP-AMHQ-JUYX-202307-Z-1|2023-11-12 00:00:00.001
VNKP-NDYQ-LAND-202307-E-1|2023-11-12 00:00:00.001
VNTX-DAMY-HLXG-202307-Y-1|2023-11-12 00:00:00.001
NXUG-ZYXA-JPWK-202307-A-1|2023-11-12 00:00:00.001
YLWR-YXGQ-WRDR-202307-N-1|2023-11-12 00:00:00.001
MVGA-KZNE-LXME-202307-E-1|2023-11-12 00:00:00.001
WMLY-HTPA-YVXA-202307-R-1|2023-11-12 00:00:00.001
ZWVY-EHVK-JEJT-202307-K-1|2023-11-12 00:00:00.001
GRVJ-UKLR-MRLM-202307-V-1|2023-11-12 00:00:00.001
MJKT-VRXA-ZLQG-202307-E-1|2023-11-12 00:00:00.001
LPXQ-ZJWM-XVNW-202307-W-1|2023-11-12 00:00:00.001
QWMR-GTYP-NYEU-202307-A-1|2023-11-12 00:00:00.001
JTDL-WNEA-JLXQ-202307-Z-1|2023-11-12 00:00:00.001
PNMZ-LPNT-JRZT-202307-A-1|2023-11-12 00:00:00.001
ZNGX-MHRY-WAQX-202307-A-1|2023-11-12 00:00:00.001
HRTM-YZPH-QNDT-202307-M-1|2023-11-12 00:00:00.001
PHEY-UXPT-QMUJ-202307-R-1|2023-11-12 00:00:00.001
GWHU-GLMQ-XRKQ-202307-Y-1|2023-11-12 00:00:00.001
EMLY-RNAN-JUTP-202307-T-1|2023-11-12 00:00:00.001
VWNP-JPAH-RZAU-202307-A-1|2023-11-12 00:00:00.001
VDXK-GJNQ-TMYL-202307-Z-1|2023-11-12 00:00:00.001
WDGP-PHRA-QDTE-202307-N-1|2023-11-12 00:00:00.001
UZJW-KZYV-HYMV-202307-G-1|2023-11-12 00:00:00.001
XWJP-UDPK-LVNP-202307-K-1|2023-11-12 00:00:00.001
NRDU-REGA-DURU-202307-A-1|2023-11-12 00:00:00.001
JWRG-EQYE-UKPG-202307-M-1|2023-11-12 00:00:00.001
XRAG-UGYP-WXZG-202307-Y-1|2023-11-12 00:00:00.001
YKUT-PMAE-XRJX-202307-M-1|2023-11-12 00:00:00.001
RQHQ-RVTG-WJEK-202307-W-1|2023-11-12 00:00:00.001
LDRD-LJLJ-DXAK-202307-V-1|2023-11-12 00:00:00.001
TEMR-LHYP-VMZD-202307-G-1|2023-11-12 00:00:00.001
PMAK-DULM-JNUP-202307-Y-1|2023-11-12 00:00:00.001
ZJEQ-EADQ-MJKA-202307-W-1|2023-11-12 00:00:00.001
WQJY-NXAK-LKPU-202307-J-1|2023-11-12 00:00:00.001
DRTH-UGDP-PJMZ-202307-K-1|2023-11-12 00:00:00.001
TYZL-RHKE-YHEV-202307-K-1|2023-11-12 00:00:00.001
LVQY-GWGP-QEJD-202307-M-1|2023-11-12 00:00:00.001
VDLG-WTRG-ANJU-202307-H-1|2023-11-12 00:00:00.001
QWVW-GEDA-RHKE-202307-U-1|2023-11-12 00:00:00.001
JTVY-KDJA-JEWG-202307-V-1|2023-11-12 00:00:00.001
RLXU-LJVM-KDNY-202307-J-1|2023-11-12 00:00:00.001
EMXW-JWRU-THZK-202307-Y-1|2023-11-12 00:00:00.001
PNLW-EUTZ-PTJW-202307-A-1|2023-11-12 00:00:00.001
LVPJ-WKWE-ZPVD-202307-M-1|2023-11-12 00:00:00.001
TMJG-QMKY-TGDT-202307-M-1|2023-11-12 00:00:00.001
QGAY-YZWM-MGVN-202307-U-1|2023-11-12 00:00:00.001
TGYX-GWKU-HYME-202307-M-1|2023-11-12 00:00:00.001
ZJXL-JRZP-XQMT-202307-N-1|2023-11-12 00:00:00.001
QJLY-RXZY-RHXW-202307-E-1|2023-11-12 00:00:00.001
QARH-YPNZ-DJQY-202307-H-1|2023-11-12 00:00:00.001
NVXP-PTXD-EDRJ-202307-Y-1|2023-11-12 00:00:00.001
KNDJ-DTVG-UDZH-202307-X-1|2023-11-12 00:00:00.001
KYHR-TNTK-QXRT-202307-A-1|2023-11-12 00:00:00.001
VGME-XTPG-GEHK-202307-R-1|2023-11-12 00:00:00.001
GXDP-WARJ-HYQY-202307-D-1|2023-11-12 00:00:00.001
YAZR-EKUK-YKJR-202307-H-1|2023-11-12 00:00:00.001
XRGP-XWHE-LWNL-202307-K-1|2023-11-12 00:00:00.001
UQMP-JHLT-NQDM-202307-L-1|2023-11-12 00:00:00.001
NUYX-TVAG-ALNU-202307-J-1|2023-11-12 00:00:00.001
DPJL-RPUZ-TDPZ-202307-L-1|2023-11-12 00:00:00.001
WVNK-ZTLJ-GMET-202307-E-1|2023-11-12 00:00:00.001
YMYT-RNUH-ZKJN-202307-D-1|2023-11-12 00:00:00.001
MQAT-PLKL-ZLUN-202307-X-1|2023-11-12 00:00:00.001
AQMZ-GJXZ-JMHM-202307-T-1|2023-11-12 00:00:00.001
MZAN-ZPHX-LTLZ-202307-Y-1|2023-11-12 00:00:00.001
QDVJ-EKET-VNPX-202307-R-1|2023-11-12 00:00:00.001
PHKE-NWGL-ZUQD-202307-M-1|2023-11-12 00:00:00.001
VYAG-EZNW-VTXV-202307-M-1|2023-11-12 00:00:00.001
XEXP-HRGX-MTWD-202307-K-1|2023-11-12 00:00:00.001
UPZP-QLRQ-APAJ-202307-V-1|2023-11-12 00:00:00.001
WMXG-RLXQ-LWAP-202307-P-1|2023-11-12 00:00:00.001
VZPH-VAJN-TLTY-202307-U-1|2023-11-12 00:00:00.001
ANME-KXAR-DNEA-202307-R-1|2023-11-12 00:00:00.001
GTNY-TGLG-HJXN-202307-P-1|2023-11-12 00:00:00.001
YVRY-GVDM-ZYVJ-202307-T-1|2023-11-12 00:00:00.001
WNVG-QXNV-KRDY-202307-Y-1|2023-11-12 00:00:00.001
HLPM-UKDQ-ETRG-202307-X-1|2023-11-12 00:00:00.001
DGLJ-EHJZ-ZMEQ-202307-R-1|2023-11-12 00:00:00.001
GKUM-WRJV-QHUY-202307-R-1|2023-11-12 00:00:00.001
MPNK-GHDK-HALT-202307-X-1|2023-11-12 00:00:00.001
GJDA-MKGQ-RDXT-202307-K-1|2023-11-12 00:00:00.001
EMAV-QVDM-NREL-202307-W-1|2023-11-12 00:00:00.001
AWHJ-HYWN-DMTN-202307-N-1|2023-11-12 00:00:00.001
ELJG-NKJE-TELZ-202307-K-1|2023-11-12 00:00:00.001
ZKQU-WTWZ-NMRQ-202307-A-1|2023-11-12 00:00:00.001
LVGH-AEHV-WMDN-202307-P-1|2023-11-12 00:00:00.001
NJTK-HLDJ-WGRN-202307-W-1|2023-11-12 00:00:00.001
MLGN-TLVR-XPYP-202307-V-1|2023-11-12 00:00:00.001
DMTP-MPNY-AVAY-202307-W-1|2023-11-12 00:00:00.001
WQXL-EUGY-RMKW-202307-W-1|2023-11-12 00:00:00.001
JQDZ-XYVP-RYRM-202307-R-1|2023-11-12 00:00:00.001
MGHU-TEYE-RNGH-202307-Y-1|2023-11-12 00:00:00.001
JANW-PZDQ-PXYA-202307-E-1|2023-11-12 00:00:00.001
GVMQ-RLZX-HGKP-202307-D-1|2023-11-12 00:00:00.001
TKLW-MWEK-DJTK-202307-J-1|2023-11-12 00:00:00.001
ZEDJ-QKEP-UEZR-202307-N-1|2023-11-12 00:00:00.001
VMPT-VJWE-MEQG-202307-U-1|2023-11-12 00:00:00.001
XAKV-TDVW-RHZA-202307-H-1|2023-11-12 00:00:00.001
NGXL-YTEK-ALJD-202307-U-1|2023-11-12 00:00:00.001
YUTM-WNYG-PNEW-202307-E-1|2023-11-12 00:00:00.001
QNPU-XAJG-AWVD-202307-L-1|2023-11-12 00:00:00.001
KRQN-PGUX-PJPG-202307-W-1|2023-11-12 00:00:00.001
ZMRE-ZRNJ-GERH-202307-T-1|2023-11-12 00:00:00.001
ZNUW-MUTA-AHYQ-202307-R-1|2023-11-12 00:00:00.001
TDPU-AHAH-ELKN-202307-W-1|2023-11-12 00:00:00.001
NMNU-PNWM-PEVL-202307-G-1|2023-11-12 00:00:00.001
HYVJ-KNKX-VRNE-202307-H-1|2023-11-12 00:00:00.001
KMGN-GNMH-GZTE-202307-T-1|2023-11-12 00:00:00.001
ZLTY-VLWK-HLWP-202307-H-1|2023-11-12 00:00:00.001
JMUX-KQLQ-XMJX-202307-R-1|2023-11-12 00:00:00.001
EHJR-XGRU-AKZH-202307-H-1|2023-11-12 00:00:00.001
YHPD-TETW-HMYX-202307-P-1|2023-11-12 00:00:00.001
ZAXP-KWQG-PGYN-202307-M-1|2023-11-12 00:00:00.001
DWAE-GPDG-AZUH-202307-Z-1|2023-11-12 00:00:00.001
MRJX-AMJK-ZPUY-202307-M-1|2023-11-12 00:00:00.001
WQMR-WKVM-VWLZ-202307-V-1|2023-11-12 00:00:00.001
HXET-NAMG-EGAK-202307-T-1|2023-11-12 00:00:00.001
WDZG-QWGN-QUTH-202307-K-1|2023-11-12 00:00:00.001
LAEK-WEZH-KAZQ-202307-Y-1|2023-11-12 00:00:00.001
MAYR-DNME-PLNE-202307-R-1|2023-11-12 00:00:00.001
HRJY-KQDK-LDYV-202307-P-1|2023-11-12 00:00:00.001
LWJL-QZVL-URVT-202307-L-1|2023-11-12 00:00:00.001
MVZN-DHWM-QKPQ-202307-H-1|2023-11-12 00:00:00.001
YKET-NLRZ-WYTU-202307-T-1|2023-11-12 00:00:00.001
EPXR-XRDA-ZLWY-202307-X-1|2023-11-12 00:00:00.001
ENLH-PMYD-KUPL-202307-E-1|2023-11-12 00:00:00.001
WDJU-WRLD-RWLM-202307-D-1|2023-11-12 00:00:00.001
WNVX-AEGU-LHTK-202307-R-1|2023-11-12 00:00:00.001
NGYQ-WMKZ-EJXJ-202307-J-1|2023-11-12 00:00:00.001
LZRH-APJX-PQEH-202307-L-1|2023-11-12 00:00:00.001
YGVA-LWTZ-MEXH-202307-M-1|2023-11-12 00:00:00.001
TJHW-UKYK-LPGU-202307-E-1|2023-11-12 00:00:00.001
UQNV-GRDT-VYZW-202307-R-1|2023-11-12 00:00:00.001
VYAQ-XAEX-PGHR-202307-V-1|2023-11-12 00:00:00.001
UWEJ-WMGU-GQVE-202307-V-1|2023-11-12 00:00:00.001
DXQK-NXAQ-YPLW-202307-N-1|2023-11-12 00:00:00.001
WGWV-PMNM-EZPD-202307-G-1|2023-11-12 00:00:00.001
DYUT-AVMK-ZADY-202307-Z-1|2023-11-12 00:00:00.001
LULZ-ZYXN-EJLW-202307-K-1|2023-11-12 00:00:00.001
YGPV-TAUA-EMWM-202307-T-1|2023-11-12 00:00:00.001
ZDEY-NKUP-AMDM-202307-E-1|2023-11-12 00:00:00.001
NLNZ-RVMJ-LJXN-202307-M-1|2023-11-12 00:00:00.001
LKQL-AGLN-EWDX-202307-R-1|2023-11-12 00:00:00.001
WNXP-VQPN-EAUQ-202307-P-1|2023-11-12 00:00:00.001
PMLU-NULG-VEVL-202307-X-1|2023-11-12 00:00:00.001
QGTY-PTRX-DYMG-202307-T-1|2023-11-12 00:00:00.001
NYXR-MRPW-QMNW-202307-R-1|2023-11-12 00:00:00.001
LXRX-NZJA-PDVY-202307-W-1|2023-11-12 00:00:00.001
GVTJ-GMHW-NPZP-202307-D-1|2023-11-12 00:00:00.001
RPKM-LUPA-WUHD-202307-M-1|2023-11-12 00:00:00.001
XHZL-WATG-YNLR-202307-Q-1|2023-11-12 00:00:00.001
EWEN-ZRAZ-JUJW-202307-J-1|2023-11-12 00:00:00.001
XQZA-GDHL-QKHZ-202307-M-1|2023-11-12 00:00:00.001
PVTH-VPVT-JVLU-202307-E-1|2023-11-12 00:00:00.001
YMNZ-RAXL-YPWK-202307-K-1|2023-11-12 00:00:00.001
MVGH-TGLV-XUMN-202307-E-1|2023-11-12 00:00:00.001
UENM-PHMT-HVHE-202307-Z-1|2023-11-12 00:00:00.001
ETJA-GTPM-YTUK-202307-Q-1|2023-11-12 00:00:00.001
UDMW-AUET-MWNT-202307-A-1|2023-11-12 00:00:00.001
AXHA-VARQ-LUPJ-202307-D-1|2023-11-12 00:00:00.001
DGLM-LMQV-EWZM-202307-Q-1|2023-11-12 00:00:00.001
MLVZ-WYAW-ZYJW-202307-G-1|2023-11-12 00:00:00.001
XNDZ-KHJK-WLVY-202307-N-1|2023-11-12 00:00:00.001
VAKX-YUKX-ZRQV-202307-W-1|2023-11-12 00:00:00.001
PZTM-YDMV-JRXL-202307-Z-1|2023-11-12 00:00:00.001
HRDW-DKWZ-ERKD-202307-E-1|2023-11-12 00:00:00.001
LZXL-QZXQ-TDPT-202307-Q-1|2023-11-12 00:00:00.001
PQKT-WJWL-AQNK-202307-W-1|2023-11-12 00:00:00.001
JZYM-ZDYP-NTEH-202307-R-1|2023-11-12 00:00:00.001
NKQP-TRJN-GPQP-202307-V-1|2023-11-12 00:00:00.001
KQAX-ZPUA-PYHU-202307-N-1|2023-11-12 00:00:00.001
DTGZ-RVLZ-EMXG-202307-J-1|2023-11-12 00:00:00.001
HWLM-KUKX-PGZY-202307-U-1|2023-11-12 00:00:00.001
GKXT-UMXL-JXUD-202307-M-1|2023-11-12 00:00:00.001
KPDM-DEYP-PDZK-202307-Y-1|2023-11-12 00:00:00.001
RLJV-RLMX-HLGH-202307-L-1|2023-11-12 00:00:00.001
RVJM-LPYR-LZHP-202307-T-1|2023-11-12 00:00:00.001
WQUQ-DMWN-WZMZ-202307-U-1|2023-11-12 00:00:00.001
KAZA-MRDE-ZMTP-202307-H-1|2023-11-12 00:00:00.001
AUWX-MKUR-DZPJ-202307-M-1|2023-11-12 00:00:00.001
MQZM-PYRG-VDND-202307-D-1|2023-11-12 00:00:00.001
AQJD-ETEP-ARHA-202307-K-1|2023-11-12 00:00:00.001
TJAK-EZEK-UHJX-202307-Z-1|2023-11-12 00:00:00.001
MRKM-PUKY-XNZX-202307-P-1|2023-11-12 00:00:00.001
JNPX-YDQJ-VQEM-202307-Y-1|2023-11-12 00:00:00.001
VTAJ-EAYU-PZGQ-202307-W-1|2023-11-12 00:00:00.001
QDQX-DQXR-QZTD-202307-Q-1|2023-11-12 00:00:00.001
EJKU-KVZP-HLEK-202307-E-1|2023-11-12 00:00:00.001
EYZE-ARAK-TYKN-202307-Q-1|2023-11-12 00:00:00.001
RAYP-ENQM-RJXM-202307-Y-1|2023-11-12 00:00:00.001
TZGD-WGKM-WZJK-202307-D-1|2023-11-12 00:00:00.001
KHWR-RHRP-NEYA-202307-Q-1|2023-11-12 00:00:00.001
GAPX-QUHG-EVZQ-202307-V-1|2023-11-12 00:00:00.001
APKH-MJDU-XKZM-202307-H-1|2023-11-12 00:00:00.001
XRDX-RAUD-AYGE-202307-G-1|2023-11-12 00:00:00.001
HGHE-LGMQ-VAHR-202307-Z-1|2023-11-12 00:00:00.001
WQUH-KRND-KLGX-202307-R-1|2023-11-12 00:00:00.001
VZMD-DHQJ-AKLY-202307-D-1|2023-11-12 00:00:00.001
WLYQ-JNPY-DPYT-202307-E-1|2023-11-12 00:00:00.001
ETPG-QWYN-TARA-202307-T-1|2023-11-12 00:00:00.001
VNAL-PLWP-PJRD-202307-M-1|2023-11-12 00:00:00.001
JARU-YGUE-TNQR-202307-Z-1|2023-11-12 00:00:00.001
AVDX-ZJRU-JDNU-202307-Y-1|2023-11-12 00:00:00.001
ZUZT-JMJP-NRZV-202307-U-1|2023-11-12 00:00:00.001
ZXQM-PKWR-MEHX-202307-W-1|2023-11-12 00:00:00.001
ALRM-YXGE-PEGR-202307-A-1|2023-11-12 00:00:00.001
TYEJ-AZGQ-ZDNA-202307-K-1|2023-11-12 00:00:00.001
NKGR-XDVK-YAXW-202307-K-1|2023-11-12 00:00:00.001
UAPN-APHU-XLZH-202307-U-1|2023-11-12 00:00:00.001
VAJP-YTUA-WMDX-202307-G-1|2023-11-12 00:00:00.001
QKZK-RQMR-XQZN-202307-L-1|2023-11-12 00:00:00.001
JTRW-QJQW-YKJX-202307-D-1|2023-11-12 00:00:00.001
AUEX-DYWL-JTUK-202307-Z-1|2023-11-12 00:00:00.001
YXTR-HTRQ-PRMH-202307-A-1|2023-11-12 00:00:00.001
AJTA-VQKN-KUPA-202307-V-1|2023-11-12 00:00:00.001
HYQA-RKLR-GTLP-202307-N-1|2023-11-12 00:00:00.001
NYHP-LZLG-QHZX-202307-U-1|2023-11-12 00:00:00.001
XPJR-PXYN-EHQE-202307-G-1|2023-11-12 00:00:00.001
GVXD-DGHT-LMZL-202307-H-1|2023-11-12 00:00:00.001
MAMN-YGKW-KLZL-202307-T-1|2023-11-12 00:00:00.001
WVPD-AZEP-PKMW-202307-Z-1|2023-11-12 00:00:00.001
ZUXN-YUXV-UGMW-202307-P-1|2023-11-12 00:00:00.001
DMZV-NKRM-DWLJ-202307-T-1|2023-11-12 00:00:00.001
MXDQ-LETV-MDPR-202307-Q-1|2023-11-12 00:00:00.001
LDKR-QUQV-TVKJ-202307-E-1|2023-11-12 00:00:00.001
MWRX-DALX-ADUA-202307-Z-1|2023-11-12 00:00:00.001
MJQT-JLUT-ZVTQ-202307-A-1|2023-11-12 00:00:00.001
WZAR-JRWJ-AYPJ-202307-H-1|2023-11-12 00:00:00.001
PAJA-GKEL-ZQAW-202307-J-1|2023-11-12 00:00:00.001
PHWQ-TRDU-YPXR-202307-H-1|2023-11-12 00:00:00.001
DYRZ-LDGA-KDWH-202307-U-1|2023-11-12 00:00:00.001
KAYW-NQXP-MUAZ-202307-U-1|2023-11-12 00:00:00.001
NDRT-MHQG-HKXM-202307-E-1|2023-11-12 00:00:00.001
XKHU-THGN-EQPJ-202307-H-1|2023-11-12 00:00:00.001
PHGH-AZWQ-EMVJ-202307-G-1|2023-11-12 00:00:00.001
PTZH-VQTL-EWEN-202307-L-1|2023-11-12 00:00:00.001
ZPQV-LXYR-JMLJ-202307-A-1|2023-11-12 00:00:00.001
XKRW-KRKZ-MRPU-202307-H-1|2023-11-12 00:00:00.001
WUGA-QWGJ-HETQ-202307-H-1|2023-11-12 00:00:00.001
APNA-EVJQ-GXQP-202307-Z-1|2023-11-12 00:00:00.001
LDRH-PLRZ-XAQZ-202307-J-1|2023-11-12 00:00:00.001
ARTK-UEQN-HWDQ-202307-J-1|2023-11-12 00:00:00.001
ATQG-KUKQ-ZGDM-202307-D-1|2023-11-12 00:00:00.001
ZWET-RGQH-YZQD-202307-V-1|2023-11-12 00:00:00.001
QADN-PLDT-DNRJ-202307-J-1|2023-11-12 00:00:00.001
AZPR-JNQE-UYAK-202307-R-1|2023-11-12 00:00:00.001
WVEW-RPUG-RNLA-202307-E-1|2023-11-12 00:00:00.001
TUYL-EGDJ-GPAZ-202307-D-1|2023-11-12 00:00:00.001
JLDY-QLKV-JZLN-202307-W-1|2023-11-12 00:00:00.001
GKET-EUZK-QLYD-202307-M-1|2023-11-12 00:00:00.001
DXVK-MEQU-TXHL-202307-D-1|2023-11-12 00:00:00.001
HRYR-YWAK-KYKH-202307-K-1|2023-11-12 00:00:00.001
ZGRX-RKNQ-WDRD-202307-J-1|2023-11-12 00:00:00.001
NALJ-WGAE-UDME-202307-T-1|2023-11-12 00:00:00.001
QKNU-XLWR-LKDN-202307-D-1|2023-11-12 00:00:00.001
LUNV-TMKD-ZEQE-202307-T-1|2023-11-12 00:00:00.001
KDKG-WJQM-VXGR-202307-N-1|2023-11-12 00:00:00.001
XUMH-YVLR-HAKV-202307-K-1|2023-11-12 00:00:00.001
WZUL-UAXP-WJED-202307-L-1|2023-11-12 00:00:00.001
HQYX-AVYX-JAML-202307-K-1|2023-11-12 00:00:00.001
UKET-GZKU-LTRY-202306-R-1|2023-11-12 00:00:00.001
TDVT-DQMN-LWXV-202307-R-1|2023-11-12 00:00:00.001
DQUK-ZGNR-QUJD-202307-R-1|2023-11-12 00:00:00.001
NJNW-JQRY-YTJL-202307-U-1|2023-11-12 00:00:00.001
HKHD-HUGM-ZQTN-202307-E-1|2023-11-12 00:00:00.001
UPWA-NMQR-AHLJ-202307-E-1|2023-11-12 00:00:00.001
ERZM-EQUY-VJUG-202307-N-1|2023-11-12 00:00:00.001
HWKW-JGYR-RDHE-202307-J-1|2023-11-12 00:00:00.001
KZAX-YLTD-RHYE-202307-G-1|2023-11-12 00:00:00.001
NQHU-JWNX-VYWR-202307-R-1|2023-11-12 00:00:00.001
EDGR-KZKW-ZXTR-202307-R-1|2023-11-12 00:00:00.001
TRWK-RAZT-ZPWE-202307-H-1|2023-11-12 00:00:00.001
DPGW-EKGU-XEZQ-202307-P-1|2023-11-12 00:00:00.001
ENMR-JTRG-XJML-202307-L-1|2023-11-12 00:00:00.001
VARQ-LQEV-WXKY-202307-W-1|2023-11-12 00:00:00.001
ELQP-DGYN-WPNQ-202307-T-1|2023-11-12 00:00:00.001
GQGE-HVDP-NQLY-202307-A-1|2023-11-12 00:00:00.001
MTQZ-RWJK-DKNG-202307-V-1|2023-11-12 00:00:00.001
XHVA-QYDW-QHTX-202307-T-1|2023-11-12 00:00:00.001
TJHT-HPDL-PELU-202307-W-1|2023-11-12 00:00:00.001
HKLE-HRDN-VMXD-202307-R-1|2023-11-12 00:00:00.001
UZGN-EMQK-NKWT-202307-E-1|2023-11-12 00:00:00.001
HTWJ-TNZH-DPXJ-202307-E-1|2023-11-12 00:00:00.001
UMKL-MGTW-MTAZ-202307-D-1|2023-11-12 00:00:00.001
TXGT-ZHKX-ULRX-202307-M-1|2023-11-12 00:00:00.001
QJRK-RLTA-GRQR-202307-P-1|2023-11-12 00:00:00.001
YMHT-GKGZ-GDHP-202307-Y-1|2023-11-12 00:00:00.001
ZYJY-KHRH-PZKU-202307-D-1|2023-11-12 00:00:00.001
HVHY-EVYK-NRKW-202307-Q-1|2023-11-12 00:00:00.001
LNTP-EZYV-GEHJ-202307-T-1|2023-11-12 00:00:00.001
AGYZ-WZXU-QMVH-202307-P-1|2023-11-12 00:00:00.001
XKWK-PVPX-QHZM-202307-J-1|2023-11-12 00:00:00.001
XMKW-AQTZ-VLXZ-202307-U-1|2023-11-12 00:00:00.001
EHPV-WUYM-AUTV-202307-V-1|2023-11-12 00:00:00.001
JYLU-VQTY-NDVQ-202307-G-1|2023-11-12 00:00:00.001
NMRZ-XWAV-EKPG-202307-G-1|2023-11-12 00:00:00.001
ZAXJ-YRAL-TNKV-202307-L-1|2023-11-12 00:00:00.001
AZLW-MDWE-VRDJ-202307-M-1|2023-11-12 00:00:00.001
NJVX-GZVJ-DKYX-202307-W-1|2023-11-12 00:00:00.001
UWUZ-QATR-ZJAJ-202307-U-1|2023-11-12 00:00:00.001
THKH-LYVJ-VTJV-202307-K-1|2023-11-12 00:00:00.001
UGWD-APNX-VGJD-202307-A-1|2023-11-12 00:00:00.001
RWQY-HRQX-JWXM-202307-T-1|2023-11-12 00:00:00.001
UAEM-LTDL-ZHUX-202307-R-1|2023-11-12 00:00:00.001
VLXT-JUPA-EAPR-202307-Q-1|2023-11-12 00:00:00.001
JMXJ-XWVR-QEWA-202307-P-1|2023-11-12 00:00:00.001
ERJX-TDAZ-GNXD-202307-J-1|2023-11-12 00:00:00.001
MQYN-QPJU-LYZN-202307-J-1|2023-11-12 00:00:00.001
TNDE-AGKQ-YJXZ-202307-P-1|2023-11-12 00:00:00.001
AJGZ-JWTZ-ZRPT-202307-A-1|2023-11-12 00:00:00.001
PUPW-APHT-MUXL-202307-N-1|2023-11-12 00:00:00.001
QYTZ-AEAQ-LDGZ-202307-P-1|2023-11-12 00:00:00.001
MHKH-ERGJ-VQYL-202307-D-1|2023-11-12 00:00:00.001
DJYZ-YWKL-VNPL-202307-X-1|2023-11-12 00:00:00.001
QEVW-NVRT-YAZU-202307-P-1|2023-11-12 00:00:00.001
UPVQ-KUYM-DVMA-202307-K-1|2023-11-12 00:00:00.001
YTDT-YTDP-MRKG-202307-E-1|2023-11-12 00:00:00.001
DJWX-PQEH-PAVE-202307-Z-1|2023-11-12 00:00:00.001
YPMK-NUNL-DLTW-202307-H-1|2023-11-12 00:00:00.001
QLVA-GQZV-WYUH-202307-Z-1|2023-11-12 00:00:00.001
KTMW-VLZR-YXTE-202307-R-1|2023-11-12 00:00:00.001
ETVZ-NMQA-UEHP-202307-T-1|2023-11-12 00:00:00.001
WTYA-ADUN-ZHMY-202307-K-1|2023-11-12 00:00:00.001
ZVLX-UAVA-YGQT-202307-Y-1|2023-11-12 00:00:00.001
UAQA-RERH-WURY-202307-D-1|2023-11-12 00:00:00.001
RXMK-AQMY-HQPX-202307-M-1|2023-11-12 00:00:00.001
EDML-HPNZ-NQUE-202307-E-1|2023-11-12 00:00:00.001
HLEQ-PYRL-UDZD-202307-R-1|2023-11-12 00:00:00.001
HDWR-VHEH-MAEX-202307-Q-1|2023-11-12 00:00:00.001
LQKT-QRDA-VQGX-202307-T-1|2023-11-12 00:00:00.001
PLMR-WDHK-XKLD-202307-D-1|2023-11-12 00:00:00.001
AKLZ-PURN-XYVH-202307-X-1|2023-11-12 00:00:00.001
HYMZ-XNEU-GQVM-202307-U-1|2023-11-12 00:00:00.001
YHYX-UTJZ-KPGZ-202307-R-1|2023-11-12 00:00:00.001
TWJW-MQPZ-XEUT-202307-P-1|2023-11-12 00:00:00.001
GZUP-HLGW-XEHV-202307-A-1|2023-11-12 00:00:00.001
PYVA-PHDR-GLUM-202307-M-1|2023-11-12 00:00:00.001
MUYK-WVTK-VAKV-202307-Y-1|2023-11-12 00:00:00.001
PADG-MHTP-KDXA-202307-Z-1|2023-11-12 00:00:00.001
JWGZ-XLMX-DEXA-202307-Y-1|2023-11-12 00:00:00.001
RGAE-QMWX-VXTD-202307-D-1|2023-11-12 00:00:00.001
ZWYU-TYWZ-PUTY-202307-U-1|2023-11-12 00:00:00.001
KQRP-QRHZ-YHXR-202307-E-1|2023-11-12 00:00:00.001
LXWY-UXAP-TRQR-202307-T-1|2023-11-12 00:00:00.001
RPRV-HULD-VQNM-202307-H-1|2023-11-12 00:00:00.001
EVTZ-KWDQ-MLZU-202307-X-1|2023-11-12 00:00:00.001
KXPK-ZGZA-UZKG-202307-M-1|2023-11-12 00:00:00.001
KQXM-QGLJ-QUMX-202307-H-1|2023-11-12 00:00:00.001
GUTX-UKMU-TKQL-202307-R-1|2023-11-12 00:00:00.001
ZMQV-PELY-YMPT-202307-J-1|2023-11-12 00:00:00.001
YLWD-VWKV-NJTR-202307-Z-1|2023-11-12 00:00:00.001
AQTD-LGUG-TKMQ-202307-W-1|2023-11-12 00:00:00.001
LGVK-YAGJ-UZGA-202307-Z-1|2023-11-12 00:00:00.001
EDGE-DTRL-RUYK-202307-X-1|2023-11-12 00:00:00.001
KQNM-VKXE-EALN-202307-Y-1|2023-11-12 00:00:00.001
KHRK-DAJG-QDYX-202307-P-1|2023-11-12 00:00:00.001
ZPWR-YEDU-PNWJ-202307-Y-1|2023-11-12 00:00:00.001
EDWD-UQAW-WGKD-202307-T-1|2023-11-12 00:00:00.001
NVYP-ZMUX-UQTZ-202307-T-1|2023-11-12 00:00:00.001
YUGQ-LKWK-RNZU-202307-D-1|2023-11-12 00:00:00.001
JVML-VQWD-TQHV-202307-L-1|2023-11-12 00:00:00.001
RDEL-KRHA-JRHQ-202307-E-1|2023-11-12 00:00:00.001
RARL-ATLR-ETXZ-202307-A-1|2023-11-12 00:00:00.001
MLUE-LRHW-YDLW-202307-Y-1|2023-11-12 00:00:00.001
HAQL-EMLE-HAPE-202307-G-1|2023-11-12 00:00:00.001
UDUJ-JHVP-KMTU-202307-V-1|2023-11-12 00:00:00.001
KJND-EDMN-HPTG-202307-X-1|2023-11-12 00:00:00.001
LGKQ-XWDZ-RGXL-202307-J-1|2023-11-12 00:00:00.001
JTUK-JGYN-HDWM-202307-M-1|2023-11-12 00:00:00.001
WQLM-DZYK-PTRT-202307-A-1|2023-11-12 00:00:00.001
PQWT-ZXRA-EZDK-202307-R-1|2023-11-12 00:00:00.001
XKWL-KNQM-HUYQ-202307-T-1|2023-11-12 00:00:00.001
HQWT-VZYK-VMYH-202307-T-1|2023-11-12 00:00:00.001
TYRA-UNRN-PZVA-202307-X-1|2023-11-12 00:00:00.001
PDUM-KEQY-TYVG-202307-J-1|2023-11-12 00:00:00.001
XGYA-YPET-NLZN-202307-Q-1|2023-11-12 00:00:00.001
EULK-GZYL-UZMX-202307-A-1|2023-11-12 00:00:00.001
WGLQ-LHEJ-MNRA-202307-P-1|2023-11-12 00:00:00.001
YXPY-PRMN-UJGY-202307-M-1|2023-11-12 00:00:00.001
MYPD-RTKE-AKXH-202307-G-1|2023-11-12 00:00:00.001
KDGV-ALUA-GJLN-202307-W-1|2023-11-12 00:00:00.001
PHWV-AUQA-WNDY-202307-A-1|2023-11-12 00:00:00.001
WLXG-QEAT-JHPU-202307-M-1|2023-11-12 00:00:00.001
DHMN-GZXY-NEUE-202307-R-1|2023-11-12 00:00:00.001
GRZG-XGYE-TWZA-202307-Q-1|2023-11-12 00:00:00.001
NQWJ-VXLJ-JZPK-202307-Q-1|2023-11-12 00:00:00.001
HVMU-KDEA-WMUQ-202307-J-1|2023-11-12 00:00:00.001
DJHD-UQNR-GQMG-202307-M-1|2023-11-12 00:00:00.001
LWLG-ZDJE-PVJG-202307-Z-1|2023-11-12 00:00:00.001
HZAZ-QYNG-NLYT-202307-W-1|2023-11-12 00:00:00.001
RLAM-JAHQ-QMQA-202307-G-1|2023-11-12 00:00:00.001
GUYX-GQJP-YUHM-202307-Q-1|2023-11-12 00:00:00.001
YRGE-VAKQ-HPDX-202307-J-1|2023-11-12 00:00:00.001
LZDM-KHPQ-JLTX-202307-U-1|2023-11-12 00:00:00.001
NAHZ-LTQE-HGQP-202307-Z-1|2023-11-12 00:00:00.001
EXUE-PKLV-DELE-202307-Q-1|2023-11-12 00:00:00.001
VRNZ-JLDU-GKED-202307-A-1|2023-11-12 00:00:00.001
QYMD-LVDU-WNDA-202307-L-1|2023-11-12 00:00:00.001
JVJK-QPYH-UPXM-202307-N-1|2023-11-12 00:00:00.001
JVYP-JNYL-HYGY-202307-W-1|2023-11-12 00:00:00.001
VHUY-XNUW-DVXE-202307-M-1|2023-11-12 00:00:00.001
QJMP-LPEY-ZUQZ-202307-A-1|2023-11-12 00:00:00.001
ZLHD-PTPJ-DVGP-202307-H-1|2023-11-12 00:00:00.001
HXYW-KRTR-JQLT-202307-A-1|2023-11-12 00:00:00.001
TALE-HWGK-KMAD-202307-R-1|2023-11-12 00:00:00.001
GRQY-EPAU-EDZY-202307-W-1|2023-11-12 00:00:00.001
VQPT-HRXM-TMUA-202307-Q-1|2023-11-12 00:00:00.001
QKWJ-RWJQ-RMNM-202307-J-1|2023-11-12 00:00:00.001
YNWY-KAKL-GEDY-202307-P-1|2023-11-12 00:00:00.001
DNTD-MPVY-AGKG-202307-T-1|2023-11-12 00:00:00.001
VTKW-XTKW-YZHJ-202307-U-1|2023-11-12 00:00:00.001
VDJG-HUXW-UHZL-202307-J-1|2023-11-12 00:00:00.001
TNTU-LEGY-KTKD-202307-Q-1|2023-11-12 00:00:00.001
XZWU-ZLJT-QDZN-202307-W-1|2023-11-12 00:00:00.001
APZQ-JQDA-PRJW-202307-K-1|2023-11-12 00:00:00.001
GVQA-ANXM-TPNL-202307-M-1|2023-11-12 00:00:00.001
NLQE-XTHP-QKNY-202307-G-1|2023-11-12 00:00:00.001
AVDM-RADN-UXAU-202307-X-1|2023-11-12 00:00:00.001
PLWV-GQXT-URAE-202307-K-1|2023-11-12 00:00:00.001
NMHT-VYQW-KMGE-202307-Z-1|2023-11-12 00:00:00.001
JTMN-LDMZ-XWQH-202307-H-1|2023-11-12 00:00:00.001
TAKW-EUDV-HWLQ-202307-Q-1|2023-11-12 00:00:00.001
QRJQ-YJEG-MLGX-202307-M-1|2023-11-12 00:00:00.001
ETKQ-REMK-LPGU-202307-A-1|2023-11-12 00:00:00.001
TQRJ-RNJL-QPEU-202307-X-1|2023-11-12 00:00:00.001
GUJU-EPJH-ZJEJ-202307-U-1|2023-11-12 00:00:00.001
HALD-PZNW-NEAU-202307-X-1|2023-11-12 00:00:00.001
EDPE-GAZP-UZQU-202307-Q-1|2023-11-12 00:00:00.001
NAPU-JQVD-LKEK-202307-R-1|2023-11-12 00:00:00.001
QLPN-KDGM-ZNWG-202307-M-1|2023-11-12 00:00:00.001
JZXP-ZPJH-ATZG-202307-P-1|2023-11-12 00:00:00.001
XWHD-KDUE-ZRQM-202307-X-1|2023-11-12 00:00:00.001
JUNV-TJYE-VRHW-202307-U-1|2023-11-12 00:00:00.001
ZWQH-PWZD-XYUQ-202307-E-1|2023-11-12 00:00:00.001
PGQW-XUZA-XTQR-202307-N-1|2023-11-12 00:00:00.001
YGAM-XMNJ-AMLP-202307-Z-1|2023-11-12 00:00:00.001
QYPL-TKXV-UALP-202307-U-1|2023-11-12 00:00:00.001
JHRQ-YMRN-DXYH-202307-J-1|2023-11-12 00:00:00.001
NWMR-XWAJ-ADZR-202307-D-1|2023-11-12 00:00:00.001
UPVH-WZLA-KNDN-202307-W-1|2023-11-12 00:00:00.001
JYHP-LKUZ-QEJR-202307-Z-1|2023-11-12 00:00:00.001
DJAM-ERNQ-AKUK-202307-A-1|2023-11-12 00:00:00.001
GRTH-UDNA-XQUP-202307-U-1|2023-11-12 00:00:00.001
VTQT-LYLW-ZPLY-202307-A-1|2023-11-12 00:00:00.001
AYAP-RJVM-XGEJ-202307-D-1|2023-11-12 00:00:00.001
UNQW-ATPA-JDHL-202307-W-1|2023-11-12 00:00:00.001
EWKU-YEAW-XVXK-202307-V-1|2023-11-12 00:00:00.001
JXWQ-AGQT-RDUN-202307-Y-1|2023-11-12 00:00:00.001
PMHV-ZURG-QEHX-202307-J-1|2023-11-12 00:00:00.001
DUET-NEZL-YRHX-202307-H-1|2023-11-12 00:00:00.001
WGWK-YMJM-VPAN-202307-A-1|2023-11-12 00:00:00.001
NGPN-DZRP-KTPE-202307-P-1|2023-11-12 00:00:00.001
EKNY-PEZV-DKEY-202307-U-1|2023-11-12 00:00:00.001
NYHD-WMLU-ADTD-202307-Y-1|2023-11-12 00:00:00.001
YEDL-YQWT-ZAHL-202307-E-1|2023-11-12 00:00:00.001
GQRX-NTJP-YDAD-202307-K-1|2023-11-12 00:00:00.001
UJYZ-HEHQ-ERJN-202307-Q-1|2023-11-12 00:00:00.001
ATAP-JHYK-YRTJ-202307-P-1|2023-11-12 00:00:00.001
AYMR-RLPK-UJKZ-202307-G-1|2023-11-12 00:00:00.001
EUZG-AHKU-QRPN-202307-P-1|2023-11-12 00:00:00.001
JUXG-EDNU-KGMK-202307-U-1|2023-11-12 00:00:00.001
MPHM-UEGM-PWGQ-202307-G-1|2023-11-12 00:00:00.001
TUZX-AKYZ-LJPK-202307-A-1|2023-11-12 00:00:00.001
VLYK-EYUZ-TVGL-202307-G-1|2023-11-12 00:00:00.001
TZDT-LKDP-MPQW-202307-D-1|2023-11-12 00:00:00.001
GMGW-XGWU-URUZ-202307-J-1|2023-11-12 00:00:00.001
WXNA-DEXQ-HRGU-202307-R-1|2023-11-12 00:00:00.001
RLVL-XKTA-QJPG-202307-R-1|2023-11-12 00:00:00.001
QRNP-NRXE-AQEY-202307-Z-1|2023-11-12 00:00:00.001
JYKM-XVGA-TKJN-202307-Q-1|2023-11-12 00:00:00.001
ZTVN-XPGT-VHVM-202307-L-1|2023-11-12 00:00:00.001
UQHZ-MXKA-YHMJ-202307-A-1|2023-11-12 00:00:00.001
LGMY-GHRX-PHLJ-202307-H-1|2023-11-12 00:00:00.001
JWHA-GNPL-ZXGD-202307-A-1|2023-11-12 00:00:00.001
UYWD-JNYG-YGPQ-202307-R-1|2023-11-12 00:00:00.001
YDWN-ZJQU-ZAUT-202307-J-1|2023-11-12 00:00:00.001
HKXQ-LVRT-AGHE-202307-A-1|2023-11-12 00:00:00.001
NDMT-LGRW-UZDW-202307-J-1|2023-11-12 00:00:00.001
EVDY-WUYX-YHPA-202307-Z-1|2023-11-12 00:00:00.001
AKQG-XVPM-WLQG-202307-T-1|2023-11-12 00:00:00.001
WPTK-ZJQA-TGAG-202307-J-1|2023-11-12 00:00:00.001
TUGJ-XDZK-RGXG-202307-Z-1|2023-11-12 00:00:00.001
MALM-QZNA-LHRK-202307-X-1|2023-11-12 00:00:00.001
WRWZ-RLHX-HRJX-202307-L-1|2023-11-12 00:00:00.001
GEKH-KZXD-JUDZ-202307-G-1|2023-11-12 00:00:00.001
RVWR-RWNK-WGVJ-202307-G-1|2023-11-12 00:00:00.001
UPAT-EYXP-KQHQ-202307-E-1|2023-11-12 00:00:00.001
XPTX-XZKH-URHL-202307-K-1|2023-11-12 00:00:00.001
AEVX-PHMW-KDZJ-202307-N-1|2023-11-12 00:00:00.001
AVWH-YGHQ-YJGX-202307-A-1|2023-11-12 00:00:00.001
TUZE-KGAK-WDTH-202307-G-1|2023-11-12 00:00:00.001
JXZG-WUKE-HJZE-202307-Y-1|2023-11-12 00:00:00.001
UNWU-XKHE-GNLU-202307-D-1|2023-11-12 00:00:00.001
VKLK-RZMU-EHVK-202307-A-1|2023-11-12 00:00:00.001
TKPK-NJZM-VMHT-202307-E-1|2023-11-12 00:00:00.001
KJHD-GNUQ-GNEQ-202307-H-1|2023-11-12 00:00:00.001
KNGR-YNPM-RLMZ-202307-L-1|2023-11-12 00:00:00.001
NTVY-AMLQ-QLDQ-202307-X-1|2023-11-12 00:00:00.001
YMGZ-NKGP-KPVW-202307-N-1|2023-11-12 00:00:00.001
QYRZ-PUZL-YJAL-202307-K-1|2023-11-12 00:00:00.001
DXMW-KZJU-QGUH-202307-H-1|2023-11-12 00:00:00.001
JREN-AXPK-DJEZ-202307-U-1|2023-11-12 00:00:00.001
RTPY-RDGQ-GKAR-202307-L-1|2023-11-12 00:00:00.001
XTVH-XNMU-ULUX-202307-V-1|2023-11-12 00:00:00.001
VATW-AJQV-ZVXL-202307-Z-1|2023-11-12 00:00:00.001
JTMN-ZQZL-XTAT-202307-A-1|2023-11-12 00:00:00.001
UZTA-LGZY-RXJG-202307-W-1|2023-11-12 00:00:00.001
NMQW-XKYL-QWLJ-202307-X-1|2023-11-12 00:00:00.001
RTWJ-MKUZ-MYKJ-202307-W-1|2023-11-12 00:00:00.001
HALJ-QJZD-JZWP-202307-M-1|2023-11-12 00:00:00.001
PMRZ-PUHJ-JZTY-202307-G-1|2023-11-12 00:00:00.001
RLVP-JXZJ-UWDK-202307-T-1|2023-11-12 00:00:00.001
YWED-RQVQ-WYLE-202307-V-1|2023-11-12 00:00:00.001
PADX-VNGZ-DMNP-202307-M-1|2023-11-12 00:00:00.001
ANAV-EYDU-MKYU-202307-Q-1|2023-11-12 00:00:00.001
PTZK-UJQU-QLHV-202307-V-1|2023-11-12 00:00:00.001
TMUE-ENQJ-JNEW-202307-E-1|2023-11-12 00:00:00.001
XGJX-UNKQ-VHAE-202307-N-1|2023-11-12 00:00:00.001
ZAQT-ADNW-DLEP-202307-V-1|2023-11-12 00:00:00.001
JMXR-JDAE-RNEQ-202307-P-1|2023-11-12 00:00:00.001
DWJT-AKNV-NPEQ-202307-G-1|2023-11-12 00:00:00.001
EQRT-HWQT-GUZW-202307-A-1|2023-11-12 00:00:00.001
MLUW-LGXK-UDZY-202307-W-1|2023-11-12 00:00:00.001
HJKP-JURU-LQHP-202307-M-1|2023-11-12 00:00:00.001
RPLN-LHUX-PDAK-202307-G-1|2023-11-12 00:00:00.001
KYGX-GWHT-TPXL-202307-T-1|2023-11-12 00:00:00.001
VPMD-LWQU-RLXM-202307-R-1|2023-11-12 00:00:00.001
UQAU-KELU-UGKN-202307-K-1|2023-11-12 00:00:00.001
VKVM-ERLX-GLMN-202307-V-1|2023-11-12 00:00:00.001
TQRU-EZTA-UXNT-202307-G-1|2023-11-12 00:00:00.001
ZHDW-QNLV-JURM-202307-L-1|2023-11-12 00:00:00.001
KVYZ-VGYP-RAQM-202307-D-1|2023-11-12 00:00:00.001
MHTU-XHXN-EUHR-202307-H-1|2023-11-12 00:00:00.001
QEZP-HGHU-HLTJ-202307-E-1|2023-11-12 00:00:00.001
XMDL-EMWD-ZJXW-202307-G-1|2023-11-12 00:00:00.001
QKJY-NUTN-YWAX-202307-E-1|2023-11-12 00:00:00.001
NKVL-MYWA-PNGK-202307-T-1|2023-11-12 00:00:00.001
NVQX-JDJR-PEDL-202307-D-1|2023-11-12 00:00:00.001
MNWA-YEUX-MNWA-202307-G-1|2023-11-12 00:00:00.001
KGAJ-WJUN-ZPWR-202307-D-1|2023-11-12 00:00:00.001
VPYP-DEUE-JUTX-202307-L-1|2023-11-12 00:00:00.001
WTDZ-UEJR-NEZH-202307-E-1|2023-11-12 00:00:00.001
VGLD-EMWT-MGAZ-202307-D-1|2023-11-12 00:00:00.001
AGPH-ZJVH-XKGE-202307-U-1|2023-11-12 00:00:00.001
AJVP-QPYT-KMVH-202307-D-1|2023-11-12 00:00:00.001
WLHE-HRZY-MKMU-202307-H-1|2023-11-12 00:00:00.001
TZMY-UWPQ-UHQL-202307-Q-1|2023-11-12 00:00:00.001
QDPJ-RDZU-QGJP-202307-M-1|2023-11-12 00:00:00.001
LTDY-UPVG-WRTY-202307-K-1|2023-11-12 00:00:00.001
ZDNK-UYRK-HMQD-202307-V-1|2023-11-12 00:00:00.001
ELJX-EGWL-RQMY-202307-U-1|2023-11-12 00:00:00.001
YUTU-QNVM-VWVM-202307-E-1|2023-11-12 00:00:00.001
UDKX-LUHT-MKRY-202307-K-1|2023-11-12 00:00:00.001
TEKN-AUZG-AQXH-202307-H-1|2023-11-12 00:00:00.001
TEJY-QLJY-MHDA-202307-Y-1|2023-11-12 00:00:00.001
DVED-EYXT-YDVR-202307-D-1|2023-11-12 00:00:00.001
JHZL-KUAL-YEUX-202307-Z-1|2023-11-12 00:00:00.001
UKRK-JHVR-UYWJ-202307-T-1|2023-11-12 00:00:00.001
NXJV-KAQT-YHRH-202307-A-1|2023-11-12 00:00:00.001
RHGR-QZQP-GWYD-202307-K-1|2023-11-12 00:00:00.001
GADL-EDTK-NRZA-202307-Z-1|2023-11-12 00:00:00.001
KYLV-ERXV-NPRT-202307-E-1|2023-11-12 00:00:00.001
MJZR-ZDQW-GETG-202307-Y-1|2023-11-12 00:00:00.001
ZDAU-ZEXE-MZXG-202307-L-1|2023-11-12 00:00:00.001
ANDY-YDMT-RWDK-202307-N-1|2023-11-12 00:00:00.001
APZM-VJUX-YLAT-202307-R-1|2023-11-12 00:00:00.001
VWAZ-JHVR-KPET-202307-G-1|2023-11-12 00:00:00.001
ZMQY-NPNP-YXTU-202307-E-1|2023-11-12 00:00:00.001
YEMX-LWPV-XQYP-202307-V-1|2023-11-12 00:00:00.001
AEWM-MHYP-JGWA-202307-W-1|2023-11-12 00:00:00.001
AMPD-YNJQ-PAPQ-202307-Z-1|2023-11-12 00:00:00.001
RJTV-XTQZ-YQUZ-202307-T-1|2023-11-12 00:00:00.001
MHLK-PVGN-ELTL-202307-X-1|2023-11-12 00:00:00.001
RPDJ-TPZK-PZVE-202307-M-1|2023-11-12 00:00:00.001
RMLM-QUMH-PDKY-202307-T-1|2023-11-12 00:00:00.001
HMTH-ZPAZ-RPNW-202307-P-1|2023-11-12 00:00:00.001
EHVH-ULPM-JYDY-202307-R-1|2023-11-12 00:00:00.001
KLKR-MHUH-QXGD-202307-Z-1|2023-11-12 00:00:00.001
DUAU-WXAU-NPVK-202307-E-1|2023-11-12 00:00:00.001
JLAJ-DGVD-PWKV-202307-P-1|2023-11-12 00:00:00.001
DUTM-DHRT-TJMJ-202307-G-1|2023-11-12 00:00:00.001
MJMY-KPNZ-EUDG-202307-N-1|2023-11-12 00:00:00.001
HQWQ-RTJD-ATER-202307-K-1|2023-11-12 00:00:00.001
XWVX-XJRU-TARW-202307-A-1|2023-11-12 00:00:00.001
RZGU-EMQM-YRHU-202307-Q-1|2023-11-12 00:00:00.001
KULD-MNGT-JZRU-202307-X-1|2023-11-12 00:00:00.001
QNLW-WGWH-HGLH-202307-K-1|2023-11-12 00:00:00.001
LEDX-WQEJ-TVHG-202307-E-1|2023-11-12 00:00:00.001
VPEQ-YMNW-JDVY-202307-U-1|2023-11-12 00:00:00.001
DHZH-RZJX-LDMA-202307-G-1|2023-11-12 00:00:00.001
GNED-WXVY-ZDGP-202307-A-1|2023-11-12 00:00:00.001
YVRV-TWXH-RYRL-202307-J-1|2023-11-12 00:00:00.001
ZRJY-PWRV-NXTQ-202307-G-1|2023-11-12 00:00:00.001
XAYQ-HEMJ-DYVA-202307-J-1|2023-11-12 00:00:00.001
ZRQT-XQLA-LEGK-202307-U-1|2023-11-12 00:00:00.001
XJYJ-EAXK-DEDU-202307-U-1|2023-11-12 00:00:00.001
YUDX-AHKJ-PMGP-202307-E-1|2023-11-12 00:00:00.001
VXPT-UMHE-PAQX-202307-L-1|2023-11-12 00:00:00.001
YGHE-DGEK-JHKV-202307-V-1|2023-11-12 00:00:00.001
UXGR-TMZU-ERQA-202307-Q-1|2023-11-12 00:00:00.001
RZEM-EYWG-HRLJ-202307-U-1|2023-11-12 00:00:00.001
QTYK-KRDP-EGWX-202307-D-1|2023-11-12 00:00:00.001
GNZQ-QDTQ-NWJT-202307-L-1|2023-11-12 00:00:00.001
EPAW-RNJK-XTYK-202307-A-1|2023-11-12 00:00:00.001
HRTJ-MUTV-VGAU-202307-E-1|2023-11-12 00:00:00.001
NWJG-QGXH-NRQG-202307-N-1|2023-11-12 00:00:00.001
QPTH-MGNY-NAJE-202307-Y-1|2023-11-12 00:00:00.001
PTVT-WZDE-GKND-202307-U-1|2023-11-12 00:00:00.001
KQPJ-HEKJ-WGYU-202307-K-1|2023-11-12 00:00:00.001
YDJH-EKER-VJWR-202307-H-1|2023-11-12 00:00:00.001
DQPM-MTGY-UYGT-202307-K-1|2023-11-12 00:00:00.001
DPDE-WRGW-EXDK-202307-T-1|2023-11-12 00:00:00.001
HQKQ-EPHW-RWTJ-202307-W-1|2023-11-12 00:00:00.001
VTJM-MDMU-ZDMP-202307-W-1|2023-11-12 00:00:00.001
GUJV-MGJD-TYMZ-202307-Y-1|2023-11-12 00:00:00.001
JWAG-KUWA-WVYM-202307-G-1|2023-11-12 00:00:00.001
JUWP-GZYV-EXQY-202307-U-1|2023-11-12 00:00:00.001
TZRQ-DYRZ-YAWD-202307-K-1|2023-11-12 00:00:00.001
QGEL-KZQM-WQPU-202307-H-1|2023-11-12 00:00:00.001
GJRH-LVAE-AUMZ-202307-V-1|2023-11-12 00:00:00.001
NARW-GDTH-TREP-202307-D-1|2023-11-12 00:00:00.001
ANKR-RJYG-AGMK-202307-M-1|2023-11-12 00:00:00.001
ZTJY-TEQA-LYUE-202307-M-1|2023-11-12 00:00:00.001
XUDX-WRNY-VPRV-202307-E-1|2023-11-12 00:00:00.001
NMYK-MUDQ-ZMHA-202307-R-1|2023-11-12 00:00:00.001
DHQE-EMKX-RQPV-202307-J-1|2023-11-12 00:00:00.001
HMTY-YXNK-YRNQ-202307-N-1|2023-11-12 00:00:00.001
MYQX-UDYW-XDKE-202307-V-1|2023-11-12 00:00:00.001
ADGH-RDVY-GJLG-202307-Y-1|2023-11-12 00:00:00.001
ZRJR-AEUZ-GNXV-202307-T-1|2023-11-12 00:00:00.001
NYXJ-JMTK-LGEA-202307-Z-1|2023-11-12 00:00:00.001
NULP-LRPL-ALVE-202307-K-1|2023-11-12 00:00:00.001
GUTL-WKJW-WMAH-202307-U-1|2023-11-12 00:00:00.001
RQXN-XVNT-ZUDK-202307-N-1|2023-11-12 00:00:00.001
MKJV-YEGK-QHPK-202307-A-1|2023-11-12 00:00:00.001
ZKYL-RKPH-MJRY-202307-Q-1|2023-11-12 00:00:00.001
YXWR-XAQV-MZXP-202307-K-1|2023-11-12 00:00:00.001
DTXH-WXMV-PDLN-202307-H-1|2023-11-12 00:00:00.001
NDGW-YVKA-RXGW-202307-E-1|2023-11-12 00:00:00.001
NZET-ULAP-UKDJ-202307-K-1|2023-11-12 00:00:00.001
KDGQ-APGV-EWNG-202307-J-1|2023-11-12 00:00:00.001
PYPX-AQEN-ZWRK-202307-W-1|2023-11-12 00:00:00.001
UMWP-AGXD-LYAL-202307-L-1|2023-11-12 00:00:00.001
KVKR-LEHL-XLMR-202307-N-1|2023-11-12 00:00:00.001
WZJM-AHMJ-NTZG-202307-V-1|2023-11-12 00:00:00.001
AQXU-VMDN-HUGJ-202307-L-1|2023-11-12 00:00:00.001
UWJE-PADQ-JEXV-202307-H-1|2023-11-12 00:00:00.001
GTYX-JADJ-YTGM-202307-P-1|2023-11-12 00:00:00.001
EWEJ-WPXK-TDWZ-202307-N-1|2023-11-12 00:00:00.001
KHJR-UQDH-RTEL-202307-X-1|2023-11-12 00:00:00.001
ZVWP-RDVX-NPNW-202307-V-1|2023-11-12 00:00:00.001
MLRZ-AVAV-KRQX-202307-M-1|2023-11-12 00:00:00.001
WXAW-WEXG-MDZR-202307-T-1|2023-11-12 00:00:00.001
WLMA-TWNK-VTED-202307-R-1|2023-11-12 00:00:00.001
NXUQ-KVMY-WLEU-202307-G-1|2023-11-12 00:00:00.001
TJLZ-AWQH-MNGD-202307-E-1|2023-11-12 00:00:00.001
VZWT-AQKV-LHDH-202307-X-1|2023-11-12 00:00:00.001
AYJV-PEGJ-VDPG-202307-T-1|2023-11-12 00:00:00.001
YNTR-UMQU-GZVR-202307-U-1|2023-11-12 00:00:00.001
JNKY-JELE-DAPQ-202307-E-1|2023-11-12 00:00:00.001
RLWJ-YXYD-LXZE-202307-J-1|2023-11-12 00:00:00.001
QWEH-THTN-YDLZ-202307-G-1|2023-11-12 00:00:00.001
GWEM-VRTK-MXWA-202307-E-1|2023-11-12 00:00:00.001
RLHK-VZVQ-XJXV-202307-N-1|2023-11-12 00:00:00.001
PVZM-RKAW-LRKY-202307-V-1|2023-11-12 00:00:00.001
LJVD-UWZX-JNEX-202307-T-1|2023-11-12 00:00:00.001
GULD-PTMX-TZUR-202307-X-1|2023-11-12 00:00:00.001
XDZL-ZYQJ-HGJE-202307-X-1|2023-11-12 00:00:00.001
HAWK-ULVD-JHUR-202307-H-1|2023-11-12 00:00:00.001
NYDA-RHTR-EPVM-202307-P-1|2023-11-12 00:00:00.001
QLHV-MQGP-KQYT-202307-G-1|2023-11-12 00:00:00.001
PNYA-RJZW-GUEQ-202307-J-1|2023-11-12 00:00:00.001
EKYU-URWX-JKYZ-202307-T-1|2023-11-12 00:00:00.001
NTUW-HZRZ-PWRL-202307-X-1|2023-11-12 00:00:00.001
TDHK-QTAN-HVQZ-202307-R-1|2023-11-12 00:00:00.001
RQWR-GJPV-VXAP-202307-R-1|2023-11-12 00:00:00.001
ZNJW-WEUJ-RYVH-202307-D-1|2023-11-12 00:00:00.001
ZXGN-LAJN-NEZQ-202307-W-1|2023-11-12 00:00:00.001
LDAG-JQML-KVGL-202307-Z-1|2023-11-12 00:00:00.001
GTND-RTEZ-XLTH-202307-Z-1|2023-11-12 00:00:00.001
UNEX-WZQU-ZNVG-202307-U-1|2023-11-12 00:00:00.001
NRLP-TMKA-LHDR-202307-V-1|2023-11-12 00:00:00.001
AJWN-XTAH-DRQE-202307-W-1|2023-11-12 00:00:00.001
TMLD-ZKYV-JKPE-202307-W-1|2023-11-12 00:00:00.001
NWMX-LYXE-WUDM-202307-Z-1|2023-11-12 00:00:00.001
EKNX-NTHP-PVJR-202307-Y-1|2023-11-12 00:00:00.001
ATLG-ZAZJ-VDAK-202307-U-1|2023-11-12 00:00:00.001
RUNV-QZJE-WHWH-202307-T-1|2023-11-12 00:00:00.001
ZTQX-JHTR-PEYV-202307-J-1|2023-11-12 00:00:00.001
PEVY-LYEK-MGKH-202307-J-1|2023-11-12 00:00:00.001
PTNA-MDZT-EQHR-202307-M-1|2023-11-12 00:00:00.001
HQXJ-QXTK-AWVL-202307-M-1|2023-11-12 00:00:00.001
JVJX-GAQM-GTWZ-202307-D-1|2023-11-12 00:00:00.001
PNGQ-QDWG-MEDQ-202307-R-1|2023-11-12 00:00:00.001
MTZP-ZTDJ-XAZP-202307-A-1|2023-11-12 00:00:00.001
QNUM-KYAZ-KTUH-202307-M-1|2023-11-12 00:00:00.001
LTZQ-NZXD-EJXP-202307-W-1|2023-11-12 00:00:00.001
ULQN-VYPA-ZTXM-202307-L-1|2023-11-12 00:00:00.001
AGJY-GLUP-PNZE-202307-K-1|2023-11-12 00:00:00.001
VXWE-NQWX-ENDV-202307-W-1|2023-11-12 00:00:00.001
WHKY-ZGNL-GLWH-202307-Y-1|2023-11-12 00:00:00.001
QXJV-GMGE-ANRQ-202307-E-1|2023-11-12 00:00:00.001
GEXN-LWEM-UWUJ-202307-Z-1|2023-11-12 00:00:00.001
QMYJ-WJXJ-PRAJ-202307-Y-1|2023-11-12 00:00:00.001
YRTY-UGMQ-LPGT-202307-W-1|2023-11-12 00:00:00.001
QRUH-ZYLW-UPZU-202307-H-1|2023-11-12 00:00:00.001
NRYD-HKRT-JGEQ-202307-E-1|2023-11-12 00:00:00.001
GMYJ-KZKN-DHRV-202307-R-1|2023-11-12 00:00:00.001
VPHK-EZMN-YZJP-202307-Q-1|2023-11-12 00:00:00.001
AETJ-LRPR-TVWU-202307-J-1|2023-11-12 00:00:00.001
ZLUW-GZXJ-HMRZ-202307-N-1|2023-11-12 00:00:00.001
YGML-PDKP-GJPJ-202307-R-1|2023-11-12 00:00:00.001
LQUP-LMZU-DUMW-202307-V-1|2023-11-12 00:00:00.001
LJKV-DXYJ-PHTM-202307-V-1|2023-11-12 00:00:00.001
EWVL-XANY-RQNX-202307-Z-1|2023-11-12 00:00:00.001
HTHD-TNDN-NKPZ-202307-H-1|2023-11-12 00:00:00.001
VNUW-ZPQA-TKJX-202307-D-1|2023-11-12 00:00:00.001
QAZW-ENAD-VRJH-202307-A-1|2023-11-12 00:00:00.001
UYQR-XGNR-ZQJU-202307-Q-1|2023-11-12 00:00:00.001
NLAL-APVM-UDTN-202307-Z-1|2023-11-12 00:00:00.001
NAXA-ERLJ-HYQN-202307-A-1|2023-11-12 00:00:00.001
KMGY-EVAW-QPDT-202307-N-1|2023-11-12 00:00:00.001
VXRK-XEDH-MEPG-202307-G-1|2023-11-12 00:00:00.001
MHRK-YGQE-UMRZ-202307-G-1|2023-11-12 00:00:00.001
YWZA-TEMG-KNWG-202307-Z-1|2023-11-12 00:00:00.001
LKAL-NQXH-NWRY-202307-E-1|2023-11-12 00:00:00.001
NRDQ-HWPM-AEAV-202307-U-1|2023-11-12 00:00:00.001
YNGV-WZWY-NJTR-202307-Z-1|2023-11-12 00:00:00.001
HKHV-ZJMJ-ZPWQ-202307-M-1|2023-11-12 00:00:00.001
GRLT-DMDZ-YPKH-202307-M-1|2023-11-12 00:00:00.001
GWJE-QZEV-NPLR-202307-X-1|2023-11-12 00:00:00.001
KXJD-RJNM-YWJR-202307-A-1|2023-11-12 00:00:00.001
GNRT-UXPJ-MATH-202307-U-1|2023-11-12 00:00:00.001
UZWT-DXLM-PUZW-202307-A-1|2023-11-12 00:00:00.001
VYPN-RJNZ-XUYM-202307-A-1|2023-11-12 00:00:00.001
DUML-VGHG-MTGA-202307-J-1|2023-11-12 00:00:00.001
NRQX-JAKP-WYNU-202307-T-1|2023-11-12 00:00:00.001
XZTW-AHJT-MVTG-202307-R-1|2023-11-12 00:00:00.001
ELHG-KWEY-HTAZ-202307-A-1|2023-11-12 00:00:00.001
KYED-YDEL-NQPZ-202307-P-1|2023-11-12 00:00:00.001
HLGP-JEVY-GZUE-202307-M-1|2023-11-12 00:00:00.001
WHGU-LAQH-GDTU-202307-W-1|2023-11-12 00:00:00.001
TJNG-ZANR-XWGH-202307-W-1|2023-11-12 00:00:00.001
PZUE-TQLR-MDQK-202307-A-1|2023-11-12 00:00:00.001
ADYZ-NQXT-REYL-202307-T-1|2023-11-12 00:00:00.001
GYGT-TDNM-VEUQ-202307-W-1|2023-11-12 00:00:00.001
RUZW-JQKV-NRMP-202307-G-1|2023-11-12 00:00:00.001
LRDR-AQLK-PRYG-202307-J-1|2023-11-12 00:00:00.001
GMXK-EMGQ-GLHE-202307-A-1|2023-11-12 00:00:00.001
UHXY-WMUY-NEPG-202307-Z-1|2023-11-12 00:00:00.001
UZLK-GAMV-UWLU-202307-N-1|2023-11-12 00:00:00.001
UWKL-LWVN-GHAN-202307-R-1|2023-11-12 00:00:00.001
PNMG-LGUZ-TDMD-202307-E-1|2023-11-12 00:00:00.001
KUYA-JRAL-XVPQ-202307-D-1|2023-11-12 00:00:00.001
TQTH-TAUW-RHZV-202307-A-1|2023-11-12 00:00:00.001
AEGX-THRE-HVKQ-202307-V-1|2023-11-12 00:00:00.001
THDQ-YZTZ-HLQZ-202307-J-1|2023-11-12 00:00:00.001
QHWM-VNAJ-DLWG-202307-D-1|2023-11-12 00:00:00.001
ZTZQ-DZGN-LPYK-202307-D-1|2023-11-12 00:00:00.001
HTAP-XJTQ-YHGP-202307-U-1|2023-11-12 00:00:00.001
DHGJ-TQED-GQHY-202307-E-1|2023-11-12 00:00:00.001
AUYW-UNUJ-AKPQ-202307-G-1|2023-11-12 00:00:00.001
LGZE-XPEK-UJMD-202307-A-1|2023-11-12 00:00:00.001
DHYH-QNWQ-EAQE-202307-V-1|2023-11-12 00:00:00.001
GEWY-HLVJ-XGWM-202307-A-1|2023-11-12 00:00:00.001
MPRD-RUHZ-VNMY-202307-W-1|2023-11-12 00:00:00.001
LQPE-NALN-NAWM-202307-U-1|2023-11-12 00:00:00.001
MUKM-YUNT-KMAP-202307-A-1|2023-11-12 00:00:00.001
RNGK-ZUJW-WLJK-202307-H-1|2023-11-12 00:00:00.001
LYAZ-AQWQ-HTGN-202307-X-1|2023-11-12 00:00:00.001
MPAJ-TWNA-WRKZ-202307-A-1|2023-11-12 00:00:00.001
PYWZ-EMTH-ANVT-202307-T-1|2023-11-12 00:00:00.001
QYNG-GKJT-EGZP-202307-M-1|2023-11-12 00:00:00.001
KAJW-XPDW-ARHK-202307-Z-1|2023-11-12 00:00:00.001
WYUZ-PARZ-JUXM-202307-Y-1|2023-11-12 00:00:00.001
VLXL-GVLY-NXLR-202307-A-1|2023-11-12 00:00:00.001
AQXA-YVNV-YZRZ-202307-Z-1|2023-11-12 00:00:00.001
LNPT-MYJW-ZTDN-202307-U-1|2023-11-12 00:00:00.001
QWMZ-JANE-DUWX-202307-H-1|2023-11-12 00:00:00.001
PVLH-HAKR-UKRT-202307-N-1|2023-11-12 00:00:00.001
WGKX-XTND-THDN-202307-V-1|2023-11-12 00:00:00.001
GKDQ-YUKV-AWMN-202307-T-1|2023-11-12 00:00:00.001
UHGV-LHKR-GYTK-202307-Q-1|2023-11-12 00:00:00.001
RNAJ-WGAW-VWAZ-202307-X-1|2023-11-12 00:00:00.001
JGKQ-MAVT-RUTM-202307-U-1|2023-11-12 00:00:00.001
PVWA-EGTW-RVQP-202307-N-1|2023-11-12 00:00:00.001
PDGH-HGUA-AZMT-202307-J-1|2023-11-12 00:00:00.001
NUMX-GPYR-MHGR-202307-H-1|2023-11-12 00:00:00.001
PMGK-XERV-XEJL-202307-P-1|2023-11-12 00:00:00.001
PQUP-MKWJ-WYUQ-202307-J-1|2023-11-12 00:00:00.001
KWKG-QJAK-HKPV-202307-U-1|2023-11-12 00:00:00.001
YVWU-PDKM-KHJH-202307-T-1|2023-11-12 00:00:00.001
LEPU-YZMT-KLTZ-202307-E-1|2023-11-12 00:00:00.001
MEMK-PUPE-EWRY-202307-U-1|2023-11-12 00:00:00.001
XMPA-UWAN-NGHM-202307-H-1|2023-11-12 00:00:00.001
YTPA-LURK-LYKW-202307-T-1|2023-11-12 00:00:00.001
DQDZ-UGUJ-AXET-202307-K-1|2023-11-12 00:00:00.001
VZQT-DYHV-DNTQ-202307-W-1|2023-11-12 00:00:00.001
YRXR-YUJR-TYUL-202307-K-1|2023-11-12 00:00:00.001
GQLH-LTYJ-JNDP-202307-Z-1|2023-11-12 00:00:00.001
VDUL-AQAW-ZTVH-202307-D-1|2023-11-12 00:00:00.001
RHGA-JTWP-WEZR-202307-Y-1|2023-11-12 00:00:00.001
LXYR-KNPT-MNYH-202307-X-1|2023-11-12 00:00:00.001
DQEP-GDWZ-KWQV-202307-X-1|2023-11-12 00:00:00.001
MPVN-UGVH-KLPT-202307-A-1|2023-11-12 00:00:00.001
RZQM-RJYD-RKYD-202307-N-1|2023-11-12 00:00:00.001
GHWJ-YQYZ-APQP-202307-Q-1|2023-11-12 00:00:00.001
GYWG-NWVE-NMUP-202307-N-1|2023-11-12 00:00:00.001
WEYJ-NKAY-KQGR-202307-R-1|2023-11-12 00:00:00.001
XVWD-DZDY-MTLH-202307-K-1|2023-11-12 00:00:00.001
GWQD-WERT-TYHW-202307-Q-1|2023-11-12 00:00:00.001
QMQD-MLUE-AZXW-202307-A-1|2023-11-12 00:00:00.001
VQVM-JRNY-TGVA-202307-P-1|2023-11-12 00:00:00.001
DRQE-TXUT-ATRT-202307-L-1|2023-11-12 00:00:00.001
GPKT-RTQM-MQKG-202307-P-1|2023-11-12 00:00:00.001
TXVQ-DETY-EJLW-202307-K-1|2023-11-12 00:00:00.001
YPYT-WAWD-JYVP-202307-K-1|2023-11-12 00:00:00.001
HPVT-VPQY-HGNQ-202307-N-1|2023-11-12 00:00:00.001
YTMD-GWLT-EQET-202307-T-1|2023-11-12 00:00:00.001
MXZK-RZMN-WLMD-202307-W-1|2023-11-12 00:00:00.001
NQJD-XYQR-HLMD-202307-P-1|2023-11-12 00:00:00.001
JTPN-TQGZ-VDZJ-202307-N-1|2023-11-12 00:00:00.001
DEXY-XJKM-YMYV-202307-Z-1|2023-11-12 00:00:00.001
VAEY-UQHY-APTV-202307-K-1|2023-11-12 00:00:00.001
XLJM-MKDU-HUXV-202307-E-1|2023-11-12 00:00:00.001
MTEJ-JAJD-JHYA-202307-R-1|2023-11-12 00:00:00.001
PUZL-XGEG-DNTE-202307-K-1|2023-11-12 00:00:00.001
ZVDM-YHUQ-JATE-202307-W-1|2023-11-12 00:00:00.001
MPXW-VZJW-MRQH-202307-L-1|2023-11-12 00:00:00.001
PUTZ-ANME-YJTJ-202307-E-1|2023-11-12 00:00:00.001
VTAH-TPQY-LGDV-202307-W-1|2023-11-12 00:00:00.001
DEDA-GZJU-VJWR-202307-Z-1|2023-11-12 00:00:00.001
GPZV-KJGK-EGPJ-202307-T-1|2023-11-12 00:00:00.001
WJLH-LJKT-YEYW-202307-G-1|2023-11-12 00:00:00.001
LHTL-PYDX-AVPZ-202307-L-1|2023-11-12 00:00:00.001
XPWT-YEMN-JKJH-202307-Z-1|2023-11-12 00:00:00.001
QDLG-JXVW-PKAD-202307-Y-1|2023-11-12 00:00:00.001
HPNZ-XRWU-EARJ-202307-K-1|2023-11-12 00:00:00.001
MWKW-MVMU-GEHT-202307-Z-1|2023-11-12 00:00:00.001
ZWUR-LVYH-KAXZ-202307-T-1|2023-11-12 00:00:00.001
KQGN-YZQP-HJTD-202307-W-1|2023-11-12 00:00:00.001
KPHZ-JTJN-UDGT-202307-M-1|2023-11-12 00:00:00.001
VQZM-MUNZ-ZXWT-202307-U-1|2023-11-12 00:00:00.001
EYNE-YVWL-EMAV-202307-Y-1|2023-11-12 00:00:00.001
RKDT-PHMQ-QRGR-202307-N-1|2023-11-12 00:00:00.001
ALQY-YQRA-GYLQ-202307-E-1|2023-11-12 00:00:00.001
VYQH-ZLPQ-JQUP-202307-D-1|2023-11-12 00:00:00.001
YAVG-LYZT-KTZX-202307-U-1|2023-11-12 00:00:00.001
JZED-YTZM-VEJM-202307-D-1|2023-11-12 00:00:00.001
TRGV-UWEY-LJHA-202307-V-1|2023-11-12 00:00:00.001
MRTV-KMWP-WEJZ-202307-W-1|2023-11-12 00:00:00.001
HAPJ-EWDQ-RQMW-202307-E-1|2023-11-12 00:00:00.001
XDHZ-TLWG-YQML-202307-P-1|2023-11-12 00:00:00.001
XYPK-XTJX-TVAY-202307-V-1|2023-11-12 00:00:00.001
KMWX-VEYK-AJTZ-202307-Q-1|2023-11-12 00:00:00.001
MYLW-JWGZ-ZKHG-202307-P-1|2023-11-12 00:00:00.001
XLKJ-UERN-JRLK-202307-M-1|2023-11-12 00:00:00.001
UEWX-HDYQ-UATM-202307-H-1|2023-11-12 00:00:00.001
NUGY-RGKH-KWEW-202307-V-1|2023-11-12 00:00:00.001
QRWD-YRKW-PREU-202307-W-1|2023-11-12 00:00:00.001
LXJD-WTVX-QWZA-202307-G-1|2023-11-12 00:00:00.001
YNYQ-ZEUR-QWZK-202307-D-1|2023-11-12 00:00:00.001
DGHY-ZWVR-KLPH-202307-D-1|2023-11-12 00:00:00.001
XVXY-DNKA-RZWA-202307-W-1|2023-11-12 00:00:00.001
RQMZ-VGME-URLH-202307-D-1|2023-11-12 00:00:00.001
PDXU-ELHX-ENVH-202307-M-1|2023-11-12 00:00:00.001
HDYU-RURV-LEMX-202307-P-1|2023-11-12 00:00:00.001
HZJT-EVHR-NLDX-202307-U-1|2023-11-12 00:00:00.001
UKJW-MZTD-DPTV-202307-L-1|2023-11-12 00:00:00.001
NYEK-HEMP-PJKQ-202307-X-1|2023-11-12 00:00:00.001
WJDX-GJNR-NPDL-202307-D-1|2023-11-12 00:00:00.001
NEVX-MUGR-JPKQ-202307-Y-1|2023-11-12 00:00:00.001
TZVQ-WNYL-XZNU-202307-T-1|2023-11-12 00:00:00.001
WTXZ-GHEJ-ULAL-202307-T-1|2023-11-12 00:00:00.001
MEGU-WUKD-LGKG-202307-N-1|2023-11-12 00:00:00.001
WTMU-MURD-HKQE-202307-V-1|2023-11-12 00:00:00.001
EJRQ-GLRZ-HQYJ-202307-V-1|2023-11-12 00:00:00.001
UHMA-HEPG-QHVM-202307-N-1|2023-11-12 00:00:00.001
ALJZ-VZJE-MTLD-202307-L-1|2023-11-12 00:00:00.001
MQZV-JNVA-UHMV-202307-N-1|2023-11-12 00:00:00.001
UGXL-PTDJ-EZJM-202307-P-1|2023-11-12 00:00:00.001
XDQK-WVMA-MVDT-202307-X-1|2023-11-12 00:00:00.001
YQEW-DPYH-RYTA-202307-N-1|2023-11-12 00:00:00.001
JTGJ-UYAH-RVQJ-202307-Q-1|2023-11-12 00:00:00.001
ETQH-MRYM-UKAR-202307-U-1|2023-11-12 00:00:00.001
YQPY-GZNT-WQWV-202307-J-1|2023-11-12 00:00:00.001
UAJX-GPWT-PKYN-202307-L-1|2023-11-12 00:00:00.001
HQZM-JXUY-XLYN-202307-T-1|2023-11-12 00:00:00.001
RUNG-WNZY-JLTU-202307-J-1|2023-11-12 00:00:00.001
AJXG-PMDR-VQYD-202307-L-1|2023-11-12 00:00:00.001
ZAKZ-KGJT-YUHU-202307-L-1|2023-11-12 00:00:00.001
MGHT-EGTD-WKRP-202307-X-1|2023-11-12 00:00:00.001
XQKZ-YUKW-WYUL-202307-M-1|2023-11-12 00:00:00.001
HVAZ-RKTN-TAZR-202307-M-1|2023-11-12 00:00:00.001
VNVW-EPER-MYVR-202307-A-1|2023-11-12 00:00:00.001
MGTV-NWRM-TRAY-202307-T-1|2023-11-12 00:00:00.001
JADH-KLYT-KALK-202307-Z-1|2023-11-12 00:00:00.001
TAUT-PWPV-QTPH-202307-V-1|2023-11-12 00:00:00.001
PJUT-ZYAK-TNZR-202307-H-1|2023-11-12 00:00:00.001
ENYN-KJDR-EVXZ-202307-D-1|2023-11-12 00:00:00.001
KZDH-QNTQ-LXHU-202307-E-1|2023-11-12 00:00:00.001
DMJW-MNUJ-WAPM-202307-K-1|2023-11-12 00:00:00.001
LEGY-QWHP-YGVX-202307-P-1|2023-11-12 00:00:00.001
WUNG-XRVN-TDTV-202307-G-1|2023-11-12 00:00:00.001
NXQU-UZGN-AEHZ-202307-L-1|2023-11-12 00:00:00.001
LNDH-WMWG-TQRM-202307-U-1|2023-11-12 00:00:00.001
YQXZ-ZKYJ-EWMR-202307-X-1|2023-11-12 00:00:00.001
KAVT-VQXU-VLKP-202307-V-1|2023-11-12 00:00:00.001
DKPE-YXDG-LULX-202307-N-1|2023-11-12 00:00:00.001
NGHT-JRJN-QWDW-202307-P-1|2023-11-12 00:00:00.001
YKZJ-PZPW-HDWD-202307-Q-1|2023-11-12 00:00:00.001
QRVK-VADY-VNWM-202307-R-1|2023-11-12 00:00:00.001
PKXG-ZMWX-WRTA-202307-G-1|2023-11-12 00:00:00.001
QPJR-VQUG-HDLA-202307-Z-1|2023-11-12 00:00:00.001
KVXP-DXJT-PKDA-202307-L-1|2023-11-12 00:00:00.001
YKHM-UGYJ-GDVM-202307-N-1|2023-11-12 00:00:00.001
XHLY-JPGZ-PLVP-202307-Q-1|2023-11-12 00:00:00.001
RYQM-GVYP-GWTW-202307-N-1|2023-11-12 00:00:00.001
GLMG-GUQK-JYAM-202307-R-1|2023-11-12 00:00:00.001
QALZ-XLVM-QDYJ-202307-J-1|2023-11-12 00:00:00.001
KTYU-NAWP-UALE-202307-V-1|2023-11-12 00:00:00.001
JQYW-ZRJG-RZNJ-202307-A-1|2023-11-12 00:00:00.001
ZETN-GQAR-PEPU-202307-Q-1|2023-11-12 00:00:00.001
HRWK-AUJL-MKHJ-202307-T-1|2023-11-12 00:00:00.001
EHUT-UZUP-UHVZ-202307-M-1|2023-11-12 00:00:00.001
RXUY-HURP-ZJHD-202307-W-1|2023-11-12 00:00:00.001
HKXQ-GEYH-WKZX-202307-N-1|2023-11-12 00:00:00.001
XAXQ-UTRZ-APNP-202307-Y-1|2023-11-12 00:00:00.001
VLKX-PGAU-LUJU-202307-Y-1|2023-11-12 00:00:00.001
NKJH-LXDH-TDNP-202307-R-1|2023-11-12 00:00:00.001
HXJQ-NPNV-XAYX-202307-Y-1|2023-11-12 00:00:00.001
DJYX-AQGJ-GRWT-202307-P-1|2023-11-12 00:00:00.001
QUDX-AQRA-HJQL-202307-Z-1|2023-11-12 00:00:00.001
HRLK-KRYL-LRZA-202307-W-1|2023-11-12 00:00:00.001
HDZT-JWHJ-YTLJ-202307-W-1|2023-11-12 00:00:00.001
XZRY-WRPZ-TDUN-202307-K-1|2023-11-12 00:00:00.001
ZHAM-ZKND-MAEQ-202307-T-1|2023-11-12 00:00:00.001
TPKL-DTNT-DKEA-202307-L-1|2023-11-12 00:00:00.001
JEDK-RQYD-PAWH-202307-R-1|2023-11-12 00:00:00.001
MJUJ-RQDM-EXLE-202307-Y-1|2023-11-12 00:00:00.001
ZJYA-DMAM-EPZJ-202307-D-1|2023-11-12 00:00:00.001
HKDG-NXPG-QGHA-202307-X-1|2023-11-12 00:00:00.001
DKWE-AQRQ-QGYE-202307-Z-1|2023-11-12 00:00:00.001
MXHT-VGVH-UJQG-202307-Y-1|2023-11-12 00:00:00.001
TGRK-JAJE-NENJ-202307-X-1|2023-11-12 00:00:00.001
AMLP-RPLU-XQKE-202307-P-1|2023-11-12 00:00:00.001
EPNT-XETL-YDHU-202307-W-1|2023-11-12 00:00:00.001
QNEN-HDEH-JPAD-202307-H-1|2023-11-12 00:00:00.001
AKPM-PLUY-PYRK-202307-J-1|2023-11-12 00:00:00.001
PMEL-XMJH-DMTW-202307-J-1|2023-11-12 00:00:00.001
DNRE-HMUT-TAWR-202307-P-1|2023-11-12 00:00:00.001
TVWZ-VWRG-TDVY-202307-E-1|2023-11-12 00:00:00.001
VHKL-MDRM-RLGE-202308-R-1|2024-01-08 16:12:14.483
WNXE-AJHY-MXHD-202308-M-1|2024-01-08 11:39:21.490
WNXE-AJHY-MXHD-202308-M-1|2024-01-08 11:39:20.059
VHKL-MDRM-RLGE-202308-R-1|2023-11-12 00:00:00.001
WNXE-AJHY-MXHD-202308-M-1|2023-11-12 00:00:00.001
RHYH-LTPK-VWQG-202308-K-1|2023-11-12 00:00:00.001
VYNT-VZLJ-PXAD-202308-W-1|2023-11-12 00:00:00.001
RMZL-AVJM-UTUK-202308-M-1|2023-11-12 00:00:00.001
PLEA-HWLT-DWVD-202308-Z-1|2023-11-12 00:00:00.001
XEGL-DMUT-VKMU-202307-U-1|2023-11-12 00:00:00.001
AJGQ-URKT-PHGE-202308-P-1|2024-01-03 10:27:15.807
AJGQ-URKT-PHGE-202308-P-1|2024-01-03 10:27:20.806
AJGQ-URKT-PHGE-202308-P-1|2024-01-03 10:27:19.192
AJGQ-URKT-PHGE-202308-P-1|2023-11-12 00:00:00.001
ZXGV-GTKG-QVRG-202308-L-1|2024-01-03 10:23:23.446
ZXGV-GTKG-QVRG-202308-L-1|2023-11-12 00:00:00.001
EDXN-YHGQ-PQAN-202307-D-1|2023-12-22 10:39:03.371
EDXN-YHGQ-PQAN-202307-D-1|2023-11-12 00:00:00.001
LHMA-JRYJ-EDVA-202308-H-1|2023-12-20 11:19:56.136
LHMA-JRYJ-EDVA-202308-H-1|2023-12-20 11:19:54.369
LHMA-JRYJ-EDVA-202308-H-1|2023-12-20 08:12:49.212
LHMA-JRYJ-EDVA-202308-H-1|2023-11-12 00:00:00.001
LUKG-GNXK-APTE-202308-X-1|2023-11-12 00:00:00.001
MHVW-YURH-JWJQ-202307-U-1|2023-11-12 00:00:00.001
EWHW-AGNV-JWLH-202307-G-1|2023-11-12 00:00:00.001
JKPW-GEKL-UHVL-202308-E-1|2023-11-12 00:00:00.001
AUNR-VZGN-QVNA-202307-E-1|2023-11-12 00:00:00.001
NGTG-ZDXM-WNGU-202307-D-1|2023-11-12 00:00:00.001
GEZX-YERW-MKZW-202307-H-1|2023-11-12 00:00:00.001
UZJA-JQTE-HPTH-202307-K-1|2023-11-12 00:00:00.001
AUHG-NRTK-AMNA-202307-H-1|2023-11-12 00:00:00.001
WAKJ-WLZN-GPRK-202307-V-1|2023-11-12 00:00:00.001
DZUZ-ZXAK-ADGX-202307-E-1|2023-11-12 00:00:00.001
TMRL-YRZH-YDJH-202307-L-1|2023-11-12 00:00:00.001
XVNZ-KTRL-EPKQ-202307-T-1|2023-11-12 00:00:00.001
PLUA-KNAW-MNEH-202308-R-1|2023-11-12 00:00:00.001
TKGT-RPUJ-QGEQ-202307-N-1|2023-11-12 00:00:00.001
MHKP-AMHT-MVNX-202307-M-1|2023-11-12 00:00:00.001
MANM-XMHL-XMXP-202308-A-1|2023-11-12 00:00:00.001
VNGK-YHVY-XLZG-202307-A-1|2023-11-12 00:00:00.001
QXYJ-YXDG-ANEN-202307-W-1|2023-11-12 00:00:00.001
TUEQ-VAYM-WRME-202307-J-1|2023-11-12 00:00:00.001
WQTU-RWVN-YNGZ-202307-D-1|2023-11-12 00:00:00.001
DRAZ-WXGV-LRWT-202308-Y-1|2023-11-12 00:00:00.001
JQMU-PDGA-RAWJ-202307-Q-1|2023-11-12 00:00:00.001
JQZY-TXMW-QKQH-202307-J-1|2023-11-12 00:00:00.001
HLDK-VEML-NKTL-202307-Q-1|2023-11-12 00:00:00.001
LVAQ-GQEX-MQHD-202307-W-1|2023-11-12 00:00:00.001
ZPMP-ZRXD-EVXA-202307-W-1|2023-11-12 00:00:00.001
HWXH-WYGM-MXMT-202308-Z-1|2023-11-12 00:00:00.001
XMUE-NYTQ-VKYA-202308-Y-1|2023-11-12 00:00:00.001
LVZA-QZPD-UNXK-202307-U-1|2023-11-12 00:00:00.001
MANQ-UYDN-YXWH-202308-R-1|2023-11-12 00:00:00.001
VGDJ-EDPH-NJLW-202307-H-1|2023-11-12 00:00:00.001
WPMX-EAWT-MDQU-202307-E-1|2023-11-12 00:00:00.001
QVGV-LGYX-LJGM-202307-Y-1|2023-11-12 00:00:00.001
WNRD-ALVD-NXDK-202307-A-1|2023-11-12 00:00:00.001
JDRP-HYZQ-ZHVE-202308-L-1|2023-11-12 00:00:00.001
JLKY-MNZX-LKXP-202307-V-1|2023-11-12 00:00:00.001
RPQT-ADPH-QWHT-202307-Q-1|2023-11-12 00:00:00.001
RXNZ-DLKX-JLXG-202307-K-1|2023-11-12 00:00:00.001
GDWD-YRUM-LTEP-202307-Q-1|2023-11-12 00:00:00.001
RUJP-VAPV-VTAD-202307-W-1|2023-11-12 00:00:00.001
LXYQ-LUEP-ZRGJ-202308-R-1|2023-11-12 00:00:00.001
AGKY-HRQM-YRVE-202307-V-1|2023-11-12 00:00:00.001
VRDR-HKLU-VZVN-202308-W-1|2023-11-12 00:00:00.001
TRWV-TPDX-XJKM-202308-A-1|2023-11-12 00:00:00.001
YKLA-GRMX-NXJV-202308-H-1|2023-11-12 00:00:00.001
JQRG-ALVG-XNYT-202308-A-1|2023-11-12 00:00:00.001
TATP-HGZK-JDPG-202307-T-1|2023-11-12 00:00:00.001
ZEZD-ZVPR-PXKW-202308-T-1|2023-11-12 00:00:00.001
ATHA-ANRY-HLXD-202307-Q-1|2023-11-12 00:00:00.001
KLYU-YUYQ-QUZE-202307-Y-1|2023-11-12 00:00:00.001
QUZE-RZWL-RAKQ-202307-V-1|2023-11-12 00:00:00.001
HLZK-TKVN-VHKZ-202307-N-1|2023-11-12 00:00:00.001
JTKM-EWMR-JQAW-202307-M-1|2023-11-12 00:00:00.001
GLWU-UNLN-QLMT-202308-J-1|2023-11-12 00:00:00.001
GEXR-UDJQ-ZAKG-202308-A-1|2023-11-12 00:00:00.001
AHKW-ZRMZ-TRDL-202307-G-1|2023-11-12 00:00:00.001
MHXR-DMRA-VWNR-202308-D-1|2023-11-12 00:00:00.001
ANZD-KHRT-WGLQ-202308-M-1|2023-11-12 00:00:00.001
AJAP-NJDE-UDXP-202308-D-1|2023-11-12 00:00:00.001
KTWE-DMJU-MQNE-202308-E-1|2023-11-12 00:00:00.001
JGLE-TZMX-ERHA-202307-Y-1|2023-11-12 00:00:00.001
UJKE-EAJV-YVAP-202308-Z-1|2023-11-12 00:00:00.001
RZQL-RDZW-DTKH-202307-L-1|2023-11-12 00:00:00.001
KLUZ-RMWN-ZGXG-202308-A-1|2023-11-12 00:00:00.001
MJQE-AMET-NULX-202307-E-1|2023-11-12 00:00:00.001
GEAX-ZTVW-XANW-202307-T-1|2023-11-12 00:00:00.001
TNGY-XKHA-DXHL-202307-J-1|2023-11-12 00:00:00.001
NRGM-HXJN-DPYN-202307-Q-1|2023-11-12 00:00:00.001
VRAN-MNMT-ZHVW-202307-U-1|2023-11-12 00:00:00.001
QZED-TLDQ-PHRJ-202308-G-1|2023-11-12 00:00:00.001
YMGY-XELG-MJKY-202308-A-1|2023-11-12 00:00:00.001
RYJL-TYUW-GLVQ-202307-J-1|2023-11-12 00:00:00.001
ZJVR-HVEM-QJNP-202307-D-1|2023-11-12 00:00:00.001
UEUA-HWPH-LDEW-202307-W-1|2023-11-12 00:00:00.001
GEPY-NRNM-LARV-202307-Q-1|2023-11-12 00:00:00.001
TUPM-NPQJ-HKDK-202307-G-1|2023-11-12 00:00:00.001
GZMD-EMER-RERG-202307-P-1|2023-11-12 00:00:00.001
VHLP-VQLN-GLXZ-202308-Q-1|2023-11-12 00:00:00.001
KWRK-UKDZ-AUHA-202307-H-1|2023-11-12 00:00:00.001
LWKG-AZWR-LUPW-202308-T-1|2023-11-12 00:00:00.001
JEMW-DLPX-ENXN-202307-N-1|2023-11-12 00:00:00.001
ARMK-KDJT-PLMV-202307-X-1|2023-11-12 00:00:00.001
RARU-JPLT-HAHY-202307-J-1|2023-11-12 00:00:00.001
YWJD-UWTM-ANYQ-202307-V-1|2023-11-12 00:00:00.001
WQHT-KZUD-DJZN-202308-J-1|2023-11-12 00:00:00.001
XQJM-ZHGU-GRDG-202307-K-1|2023-11-12 00:00:00.001
YWVL-XRDV-ZXQZ-202307-T-1|2023-11-12 00:00:00.001
UQWV-KQVQ-TZJM-202307-P-1|2023-11-12 00:00:00.001
MZAU-XMQZ-ETNJ-202307-Q-1|2023-11-12 00:00:00.001
ANYL-QTYX-NKJL-202307-K-1|2023-11-12 00:00:00.001
HYEZ-KWKW-YDRX-202307-D-1|2023-11-12 00:00:00.001
HWJU-QERD-LAUP-202308-G-1|2023-11-12 00:00:00.001
LNDJ-TAGP-GQXN-202308-V-1|2023-11-12 00:00:00.001
HKER-YZQL-JTWT-202307-R-1|2023-11-12 00:00:00.001
XHZK-WTJQ-EJKN-202308-A-1|2023-11-12 00:00:00.001
RTGQ-UPMK-UZKT-202308-W-1|2023-11-12 00:00:00.001
DQRD-NAGK-JTDN-202307-X-1|2023-11-12 00:00:00.001
RKVE-DAKT-WVLT-202307-R-1|2023-11-12 00:00:00.001
JUNX-EHEL-JQNQ-202307-E-1|2023-11-12 00:00:00.001
YHEN-PHLZ-VQZN-202307-T-1|2023-11-12 00:00:00.001
RHUD-QZJU-QGYP-202307-M-1|2023-11-12 00:00:00.001
LEGP-LKJN-GNYU-202307-Z-1|2023-11-12 00:00:00.001
WHEL-MEJT-PQHE-202308-Q-1|2023-11-12 00:00:00.001
AJDZ-TZWA-NWPV-202308-P-1|2023-11-12 00:00:00.001
GMZQ-JTUR-XVED-202308-L-1|2023-11-12 00:00:00.001
WLRT-GTKJ-VXWH-202308-U-1|2023-11-12 00:00:00.001
QEHP-XANM-ZMUA-202307-M-1|2023-11-12 00:00:00.001
TWLH-VWUQ-NGUP-202308-Z-1|2023-11-12 00:00:00.001
LMRK-QKQX-KXZL-202308-U-1|2023-11-12 00:00:00.001
WXRY-VXHK-WPXT-202307-L-1|2023-11-12 00:00:00.001
MUAH-LNRD-NGHX-202308-V-1|2023-11-12 00:00:00.001
HDUL-NQLK-MYUW-202308-E-1|2023-11-12 00:00:00.001
ZJZQ-LQYP-VHET-202307-A-1|2023-11-12 00:00:00.001
MUDQ-ZRKA-QRKH-202307-P-1|2023-11-12 00:00:00.001
EQHE-TVGR-LKQM-202308-D-1|2023-11-12 00:00:00.001
PMPG-WTKD-YPMQ-202308-D-1|2023-11-12 00:00:00.001
RNKU-AHKD-LQVT-202308-J-1|2023-11-12 00:00:00.001
LHXH-ZJKX-XYHT-202308-Y-1|2023-11-12 00:00:00.001
AEME-UGVG-EDTW-202308-K-1|2023-11-12 00:00:00.001
PRHR-YPWE-RAXE-202307-D-1|2023-11-12 00:00:00.001
RYGN-LEQZ-LYDG-202308-X-1|2023-11-12 00:00:00.001
VQZN-AQVQ-NYNW-202307-N-1|2023-11-12 00:00:00.001
DYZU-JVAP-UMRK-202307-M-1|2023-11-12 00:00:00.001
KLRV-DJXN-UZGJ-202308-A-1|2023-11-12 00:00:00.001
RMAU-TLGJ-YDAZ-202308-L-1|2023-11-12 00:00:00.001
PRVK-LKQH-LQNM-202307-R-1|2023-11-12 00:00:00.001
JHUL-JVKU-KVLX-202308-E-1|2023-11-12 00:00:00.001
VWEX-ZANQ-AUJQ-202307-J-1|2023-11-12 00:00:00.001
GANZ-NTVH-ZNZL-202308-T-1|2023-11-12 00:00:00.001
KXHR-ZQDZ-MLJX-202308-T-1|2023-11-12 00:00:00.001
LGHE-PDLX-QWLT-202307-H-1|2023-11-12 00:00:00.001
HMVQ-XPNT-APZV-202308-Y-1|2023-11-12 00:00:00.001
VKRA-NGET-NWMR-202307-Q-1|2023-11-12 00:00:00.001
XLEK-WVRL-YVMD-202308-Q-1|2023-11-12 00:00:00.001
YXAX-LVZP-EYQP-202308-Q-1|2023-11-12 00:00:00.001
HRMG-TJZR-WUMZ-202308-A-1|2023-11-12 00:00:00.001
WTPL-MUXQ-YLPM-202307-J-1|2023-11-12 00:00:00.001
MUTQ-YZHM-TZMT-202308-V-1|2023-11-12 00:00:00.001
NZNV-DAJN-QXML-202308-X-1|2023-11-12 00:00:00.001
HVDA-ZUQH-LGHM-202308-X-1|2023-11-12 00:00:00.001
REWA-ENYW-GHGV-202308-L-1|2023-11-12 00:00:00.001
GUZP-ZEYD-AVWD-202307-H-1|2023-11-12 00:00:00.001
THXV-WZDP-ZXAK-202308-H-1|2023-11-12 00:00:00.001
TQNG-XVYA-LEMQ-202307-A-1|2023-11-12 00:00:00.001
UJGJ-GELW-TMAT-202307-V-1|2023-11-12 00:00:00.001
RUEJ-PJKD-JHWM-202308-V-1|2023-11-12 00:00:00.001
HWZM-KGRV-HLAJ-202308-K-1|2023-11-12 00:00:00.001
HGNQ-PKXL-NJGN-202308-A-1|2023-11-12 00:00:00.001
ZXHU-QTGV-TQVR-202307-T-1|2023-11-12 00:00:00.001
RTUP-LHJR-KVZY-202308-E-1|2023-11-12 00:00:00.001
QDWE-JXDT-JHKR-202307-Z-1|2023-11-12 00:00:00.001
KMKV-XKQR-YTMH-202308-Q-1|2023-11-12 00:00:00.001
UZHY-AHYQ-MYPQ-202307-D-1|2023-11-12 00:00:00.001
WRMW-JRYM-TYXL-202308-X-1|2023-11-12 00:00:00.001
NKVD-ZUXA-MPXA-202308-G-1|2023-11-12 00:00:00.001
VQMV-NEAK-JMUR-202307-Q-1|2023-11-12 00:00:00.001
UPMH-AYAT-QWHD-202307-J-1|2023-11-12 00:00:00.001
QPAW-GNUX-JEDK-202307-A-1|2023-11-12 00:00:00.001
PTZN-AEQR-WEDH-202308-K-1|2023-11-12 00:00:00.001
LVYL-PJEP-HYUH-202307-A-1|2023-11-12 00:00:00.001
KHGX-HEAJ-AEDT-202308-H-1|2023-11-12 00:00:00.001
UYZJ-NERT-UQJK-202308-V-1|2023-11-12 00:00:00.001
MAML-GERZ-QKLT-202307-E-1|2023-11-12 00:00:00.001
LPKA-MGVL-QTNW-202307-Q-1|2023-11-12 00:00:00.001
VXMA-XRMV-XGLA-202308-K-1|2023-11-12 00:00:00.001
VGDU-UNXK-GDQN-202308-P-1|2023-11-12 00:00:00.001
PXMD-TXAM-YAJR-202308-W-1|2023-11-12 00:00:00.001
ATNY-YTQY-ZXAH-202308-L-1|2023-11-12 00:00:00.001
ZMUQ-DPKG-RQYR-202308-R-1|2023-11-12 00:00:00.001
AWTQ-YULQ-MZRY-202308-U-1|2023-11-12 00:00:00.001
PTJW-DGAQ-LEZD-202307-U-1|2023-11-12 00:00:00.001
MQNR-VHQT-ZJVL-202307-V-1|2023-11-12 00:00:00.001
HARD-PXPV-NKQW-202308-Y-1|2023-11-12 00:00:00.001
UJKM-EJNK-WDWE-202307-W-1|2023-11-12 00:00:00.001
PXVY-NPQK-QXJR-202308-M-1|2023-11-12 00:00:00.001
DGMT-WQWP-YHEK-202307-U-1|2023-11-12 00:00:00.001
WVMW-EHDE-ZTGH-202307-N-1|2023-11-12 00:00:00.001
RXEZ-HZQX-WYHD-202308-L-1|2023-11-12 00:00:00.001
VAXQ-PLGV-VEUE-202308-Y-1|2023-11-12 00:00:00.001
GVGU-PARV-JLHV-202307-N-1|2023-11-12 00:00:00.001
ZTRG-EZLU-QZER-202308-A-1|2023-11-12 00:00:00.001
YAKY-XVGJ-JTZE-202308-M-1|2023-11-12 00:00:00.001
GATE-PGKD-ZWPX-202307-K-1|2023-11-12 00:00:00.001
NZPH-LHQJ-TLQH-202307-P-1|2023-11-12 00:00:00.001
YLZW-MYQU-ZKRW-202307-P-1|2023-11-12 00:00:00.001
NYKL-MYEP-NKXR-202308-N-1|2023-11-12 00:00:00.001
EAVQ-AUEA-HDJK-202308-L-1|2023-11-12 00:00:00.001
NZKJ-DTAL-MDZE-202308-X-1|2023-11-12 00:00:00.001
RDVR-DLZP-EAPJ-202307-A-1|2023-11-12 00:00:00.001
TPRX-HDET-WDAY-202308-U-1|2023-11-12 00:00:00.001
MUWN-MRAH-UQWN-202308-M-1|2023-11-12 00:00:00.001
LKGY-WMPZ-VALA-202307-V-1|2023-11-12 00:00:00.001
JMQM-JXAP-AHEM-202308-J-1|2023-11-12 00:00:00.001
ULAL-ZKMA-KMWL-202307-H-1|2023-11-12 00:00:00.001
EDXV-DQTR-VNXA-202308-A-1|2023-11-12 00:00:00.001
QGPW-JZMK-LAYU-202308-H-1|2023-11-12 00:00:00.001
TGJM-RXUT-ZUWZ-202307-Z-1|2023-11-12 00:00:00.001
ZHEQ-TMUH-NUTZ-202307-W-1|2023-11-12 00:00:00.001
EQTJ-LZPL-ALEH-202308-U-1|2023-11-12 00:00:00.001
PQUQ-AYNL-RJYA-202308-E-1|2023-11-12 00:00:00.001
JRZQ-MKGW-LQJG-202308-T-1|2023-11-12 00:00:00.001
DPEV-HPZD-YNEL-202307-H-1|2023-11-12 00:00:00.001
DHTP-LZPR-YUMH-202307-K-1|2023-11-12 00:00:00.001
HAJK-ARJX-YTJL-202308-Z-1|2023-11-12 00:00:00.001
NUMW-GQKQ-PJDZ-202307-Z-1|2023-11-12 00:00:00.001
QDTZ-ELYL-MEMK-202308-N-1|2023-11-12 00:00:00.001
RGWY-PNAH-HQJW-202307-U-1|2023-11-12 00:00:00.001
MNJQ-PHLA-EJHT-202308-J-1|2023-11-12 00:00:00.001
GJDJ-DGWJ-NKQD-202308-T-1|2023-11-12 00:00:00.001
DWEW-DRDN-RHVT-202308-N-1|2023-11-12 00:00:00.001
AENP-AEYP-MYMJ-202308-X-1|2023-11-12 00:00:00.001
JWJX-NVMH-RPNG-202307-Z-1|2023-11-12 00:00:00.001
JTYA-LAHK-LGUE-202308-K-1|2023-11-12 00:00:00.001
ZUHW-VGME-UJTR-202307-Q-1|2023-11-12 00:00:00.001
GTZT-ZLUG-HPGA-202308-V-1|2023-11-12 00:00:00.001
